#
# There is insufficient memory for the Java Runtime Environment to continue.
# Native memory allocation (malloc) failed to allocate 902096 bytes for Chunk::new
# Possible reasons:
#   The system is out of physical RAM or swap space
#   The process is running with CompressedOops enabled, and the Java Heap may be blocking the growth of the native heap
# Possible solutions:
#   Reduce memory load on the system
#   Increase physical memory or swap space
#   Check if swap backing store is full
#   Decrease Java heap size (-Xmx/-Xms)
#   Decrease number of Java threads
#   Decrease Java thread stack sizes (-Xss)
#   Set larger code cache with -XX:ReservedCodeCacheSize=
#   JVM is running with Zero Based Compressed Oops mode in which the Java heap is
#     placed in the first 32GB address space. The Java Heap base address is the
#     maximum limit for the native heap growth. Please use -XX:HeapBaseMinAddress
#     to set the Java Heap base and to place the Java Heap above 32GB virtual address.
# This output file may be truncated or incomplete.
#
#  Out of Memory Error (./src/hotspot/share/memory/arena.cpp:197), pid=316, tid=12524
#
# JRE version: OpenJDK Runtime Environment Temurin-11.0.15+10 (11.0.15+10) (build 11.0.15+10)
# Java VM: OpenJDK 64-Bit Server VM Temurin-11.0.15+10 (11.0.15+10, mixed mode, tiered, compressed oops, g1 gc, windows-amd64)
# No core dump will be written. Minidumps are not enabled by default on client versions of Windows
#

---------------  S U M M A R Y ------------

Command Line: -agentlib:jdwp=transport=dt_socket,address=127.0.0.1:62659,suspend=y,server=n -ea -javaagent:C:\Users\amirk\IdeaProjects\DBXP-Comviva\target/agent/zebrunner-agent.jar -Didea.test.cyclic.buffer.size=1048576 -javaagent:C:\Users\amirk\AppData\Local\JetBrains\IdeaIC2021.3\captureAgent\debugger-agent.jar -Dfile.encoding=UTF-8 com.intellij.rt.testng.RemoteTestNGStarter -usedefaultlisteners false -socket62658 @w@C:\Users\amirk\AppData\Local\Temp\idea_working_dirs_testng.tmp -temp C:\Users\amirk\AppData\Local\Temp\idea_testng.tmp

Host: 11th Gen Intel(R) Core(TM) i5-1135G7 @ 2.40GHz, 8 cores, 15G,  Windows 10 , 64 bit Build 19041 (10.0.19041.1706)
Time: Wed Jun 15 07:00:41 2022 India Standard Time elapsed time: 2.897914 seconds (0d 0h 0m 2s)

---------------  T H R E A D  ---------------

Current thread (0x000001f15be3e800):  JavaThread "C2 CompilerThread0" daemon [_thread_in_native, id=12524, stack(0x0000005085400000,0x0000005085500000)]


Current CompileTask:
C2:   2897 2120  s!   4       jdk.internal.loader.URLClassPath::getLoader (194 bytes)

Stack: [0x0000005085400000,0x0000005085500000]
Native frames: (J=compiled Java code, j=interpreted, Vv=VM code, C=native code)
V  [jvm.dll+0x61e72a]
V  [jvm.dll+0x7aae49]
V  [jvm.dll+0x7ac538]
V  [jvm.dll+0x7acc13]
V  [jvm.dll+0x24fb28]
V  [jvm.dll+0xc262c]
V  [jvm.dll+0xc2bec]
V  [jvm.dll+0x359b17]
V  [jvm.dll+0x325ca3]
V  [jvm.dll+0x324fda]
V  [jvm.dll+0x208d75]
V  [jvm.dll+0x207f5d]
V  [jvm.dll+0x18a361]
V  [jvm.dll+0x2178a4]
V  [jvm.dll+0x215aeb]
V  [jvm.dll+0x76d950]
V  [jvm.dll+0x7668b4]
V  [jvm.dll+0x61d586]
C  [ucrtbase.dll+0x21bb2]
C  [KERNEL32.DLL+0x17034]
C  [ntdll.dll+0x52651]


---------------  P R O C E S S  ---------------

Threads class SMR info:
_java_thread_list=0x000001f15e5c7bc0, length=14, elements={
0x000001f135a5e000, 0x000001f15b53d800, 0x000001f15b532800, 0x000001f15b539000,
0x000001f15be33800, 0x000001f15be35800, 0x000001f15be3e800, 0x000001f15be6a800,
0x000001f15be76000, 0x000001f15c0fd000, 0x000001f15c2d6000, 0x000001f15c3a3800,
0x000001f15c3ae800, 0x000001f15d1a7000
}

Java Threads: ( => current thread )
  0x000001f135a5e000 JavaThread "main" [_thread_in_Java, id=3032, stack(0x0000005084800000,0x0000005084900000)]
  0x000001f15b53d800 JavaThread "Reference Handler" daemon [_thread_blocked, id=5536, stack(0x0000005084f00000,0x0000005085000000)]
  0x000001f15b532800 JavaThread "Finalizer" daemon [_thread_blocked, id=6332, stack(0x0000005085000000,0x0000005085100000)]
  0x000001f15b539000 JavaThread "Signal Dispatcher" daemon [_thread_blocked, id=16584, stack(0x0000005085100000,0x0000005085200000)]
  0x000001f15be33800 JavaThread "Attach Listener" daemon [_thread_blocked, id=17852, stack(0x0000005085200000,0x0000005085300000)]
  0x000001f15be35800 JavaThread "Service Thread" daemon [_thread_blocked, id=2008, stack(0x0000005085300000,0x0000005085400000)]
=>0x000001f15be3e800 JavaThread "C2 CompilerThread0" daemon [_thread_in_native, id=12524, stack(0x0000005085400000,0x0000005085500000)]
  0x000001f15be6a800 JavaThread "C1 CompilerThread0" daemon [_thread_blocked, id=2264, stack(0x0000005085500000,0x0000005085600000)]
  0x000001f15be76000 JavaThread "Sweeper thread" daemon [_thread_blocked, id=7384, stack(0x0000005085600000,0x0000005085700000)]
  0x000001f15c0fd000 JavaThread "Common-Cleaner" daemon [_thread_blocked, id=1992, stack(0x0000005085700000,0x0000005085800000)]
  0x000001f15c2d6000 JavaThread "JDWP Transport Listener: dt_socket" daemon [_thread_blocked, id=11316, stack(0x0000005085900000,0x0000005085a00000)]
  0x000001f15c3a3800 JavaThread "JDWP Event Helper Thread" daemon [_thread_blocked, id=5444, stack(0x0000005085a00000,0x0000005085b00000)]
  0x000001f15c3ae800 JavaThread "JDWP Command Reader" daemon [_thread_in_native, id=16900, stack(0x0000005085b00000,0x0000005085c00000)]
  0x000001f15d1a7000 JavaThread "C2 CompilerThread1" daemon [_thread_in_native, id=8680, stack(0x0000005085800000,0x0000005085900000)]

Other Threads:
  0x000001f15b529000 VMThread "VM Thread" [stack: 0x0000005084e00000,0x0000005084f00000] [id=13796]
  0x000001f15deba800 WatcherThread [stack: 0x0000005086300000,0x0000005086400000] [id=10048]
  0x000001f135a6e800 GCTaskThread "GC Thread#0" [stack: 0x0000005084900000,0x0000005084a00000] [id=14612]
  0x000001f15d465800 GCTaskThread "GC Thread#1" [stack: 0x0000005085c00000,0x0000005085d00000] [id=8892]
  0x000001f15d26a000 GCTaskThread "GC Thread#2" [stack: 0x0000005085d00000,0x0000005085e00000] [id=18144]
  0x000001f15cd25800 GCTaskThread "GC Thread#3" [stack: 0x0000005085e00000,0x0000005085f00000] [id=18312]
  0x000001f15c86f800 GCTaskThread "GC Thread#4" [stack: 0x0000005085f00000,0x0000005086000000] [id=6956]
  0x000001f15c870800 GCTaskThread "GC Thread#5" [stack: 0x0000005086000000,0x0000005086100000] [id=16260]
  0x000001f135ad3800 ConcurrentGCThread "G1 Main Marker" [stack: 0x0000005084a00000,0x0000005084b00000] [id=17304]
  0x000001f135ad6000 ConcurrentGCThread "G1 Conc#0" [stack: 0x0000005084b00000,0x0000005084c00000] [id=15880]
  0x000001f15cc96800 ConcurrentGCThread "G1 Conc#1" [stack: 0x0000005086200000,0x0000005086300000] [id=10208]
  0x000001f15b415000 ConcurrentGCThread "G1 Refine#0" [stack: 0x0000005084c00000,0x0000005084d00000] [id=17328]
  0x000001f15b416000 ConcurrentGCThread "G1 Young RemSet Sampling" [stack: 0x0000005084d00000,0x0000005084e00000] [id=3880]

Threads with active compile tasks:
C2 CompilerThread0     2915 2120  s!   4       jdk.internal.loader.URLClassPath::getLoader (194 bytes)
C2 CompilerThread1     2915 2128   !   4       jdk.internal.loader.URLClassPath$JarLoader::getResource (353 bytes)

VM state:not at safepoint (normal execution)

VM Mutex/Monitor currently owned by a thread: None

Heap address: 0x0000000704000000, size: 4032 MB, Compressed Oops mode: Zero based, Oop shift amount: 3
Narrow klass base: 0x0000000800000000, Narrow klass shift: 0
Compressed class space size: 1073741824 Address: 0x0000000800000000

Heap:
 garbage-first heap   total 258048K, used 19132K [0x0000000704000000, 0x0000000800000000)
  region size 1024K, 7 young (7168K), 2 survivors (2048K)
 Metaspace       used 24763K, capacity 25241K, committed 25468K, reserved 1079296K
  class space    used 2953K, capacity 3150K, committed 3200K, reserved 1048576K
Heap Regions: E=young(eden), S=young(survivor), O=old, HS=humongous(starts), HC=humongous(continues), CS=collection set, F=free, A=archive, TAMS=top-at-mark-start (previous, next)
|   0|0x0000000704000000, 0x0000000704100000, 0x0000000704100000|100%|HS|  |TAMS 0x0000000704100000, 0x0000000704000000| Complete 
|   1|0x0000000704100000, 0x0000000704200000, 0x0000000704200000|100%| O|  |TAMS 0x0000000704200000, 0x0000000704100000| Untracked 
|   2|0x0000000704200000, 0x0000000704300000, 0x0000000704300000|100%| O|  |TAMS 0x0000000704300000, 0x0000000704200000| Untracked 
|   3|0x0000000704300000, 0x0000000704400000, 0x0000000704400000|100%| O|  |TAMS 0x0000000704400000, 0x0000000704300000| Untracked 
|   4|0x0000000704400000, 0x0000000704500000, 0x0000000704500000|100%| O|  |TAMS 0x0000000704500000, 0x0000000704400000| Untracked 
|   5|0x0000000704500000, 0x0000000704600000, 0x0000000704600000|100%| O|  |TAMS 0x0000000704600000, 0x0000000704500000| Untracked 
|   6|0x0000000704600000, 0x0000000704700000, 0x0000000704700000|100%| O|  |TAMS 0x0000000704700000, 0x0000000704600000| Untracked 
|   7|0x0000000704700000, 0x0000000704800000, 0x0000000704800000|100%| O|  |TAMS 0x0000000704800000, 0x0000000704700000| Untracked 
|   8|0x0000000704800000, 0x0000000704900000, 0x0000000704900000|100%| O|  |TAMS 0x0000000704900000, 0x0000000704800000| Untracked 
|   9|0x0000000704900000, 0x0000000704a00000, 0x0000000704a00000|100%| O|  |TAMS 0x0000000704a00000, 0x0000000704900000| Untracked 
|  10|0x0000000704a00000, 0x0000000704b00000, 0x0000000704b00000|100%| O|  |TAMS 0x0000000704b00000, 0x0000000704a00000| Untracked 
|  11|0x0000000704b00000, 0x0000000704c00000, 0x0000000704c00000|100%| O|  |TAMS 0x0000000704c00000, 0x0000000704b00000| Untracked 
|  12|0x0000000704c00000, 0x0000000704d00000, 0x0000000704d00000|100%| O|  |TAMS 0x0000000704d00000, 0x0000000704c00000| Untracked 
|  13|0x0000000704d00000, 0x0000000704d5ee00, 0x0000000704e00000| 37%| O|  |TAMS 0x0000000704d5ee00, 0x0000000704d00000| Untracked 
|  14|0x0000000704e00000, 0x0000000704e00000, 0x0000000704f00000|  0%| F|  |TAMS 0x0000000704e00000, 0x0000000704e00000| Untracked 
|  15|0x0000000704f00000, 0x0000000704f00000, 0x0000000705000000|  0%| F|  |TAMS 0x0000000704f00000, 0x0000000704f00000| Untracked 
|  16|0x0000000705000000, 0x0000000705000000, 0x0000000705100000|  0%| F|  |TAMS 0x0000000705000000, 0x0000000705000000| Untracked 
|  17|0x0000000705100000, 0x0000000705100000, 0x0000000705200000|  0%| F|  |TAMS 0x0000000705100000, 0x0000000705100000| Untracked 
|  18|0x0000000705200000, 0x0000000705200000, 0x0000000705300000|  0%| F|  |TAMS 0x0000000705200000, 0x0000000705200000| Untracked 
|  19|0x0000000705300000, 0x0000000705300000, 0x0000000705400000|  0%| F|  |TAMS 0x0000000705300000, 0x0000000705300000| Untracked 
|  20|0x0000000705400000, 0x0000000705400000, 0x0000000705500000|  0%| F|  |TAMS 0x0000000705400000, 0x0000000705400000| Untracked 
|  21|0x0000000705500000, 0x0000000705500000, 0x0000000705600000|  0%| F|  |TAMS 0x0000000705500000, 0x0000000705500000| Untracked 
|  22|0x0000000705600000, 0x0000000705600000, 0x0000000705700000|  0%| F|  |TAMS 0x0000000705600000, 0x0000000705600000| Untracked 
|  23|0x0000000705700000, 0x0000000705700000, 0x0000000705800000|  0%| F|  |TAMS 0x0000000705700000, 0x0000000705700000| Untracked 
|  24|0x0000000705800000, 0x0000000705800000, 0x0000000705900000|  0%| F|  |TAMS 0x0000000705800000, 0x0000000705800000| Untracked 
|  25|0x0000000705900000, 0x0000000705900000, 0x0000000705a00000|  0%| F|  |TAMS 0x0000000705900000, 0x0000000705900000| Untracked 
|  26|0x0000000705a00000, 0x0000000705a00000, 0x0000000705b00000|  0%| F|  |TAMS 0x0000000705a00000, 0x0000000705a00000| Untracked 
|  27|0x0000000705b00000, 0x0000000705b00000, 0x0000000705c00000|  0%| F|  |TAMS 0x0000000705b00000, 0x0000000705b00000| Untracked 
|  28|0x0000000705c00000, 0x0000000705c00000, 0x0000000705d00000|  0%| F|  |TAMS 0x0000000705c00000, 0x0000000705c00000| Untracked 
|  29|0x0000000705d00000, 0x0000000705d00000, 0x0000000705e00000|  0%| F|  |TAMS 0x0000000705d00000, 0x0000000705d00000| Untracked 
|  30|0x0000000705e00000, 0x0000000705e00000, 0x0000000705f00000|  0%| F|  |TAMS 0x0000000705e00000, 0x0000000705e00000| Untracked 
|  31|0x0000000705f00000, 0x0000000705f00000, 0x0000000706000000|  0%| F|  |TAMS 0x0000000705f00000, 0x0000000705f00000| Untracked 
|  32|0x0000000706000000, 0x0000000706000000, 0x0000000706100000|  0%| F|  |TAMS 0x0000000706000000, 0x0000000706000000| Untracked 
|  33|0x0000000706100000, 0x0000000706100000, 0x0000000706200000|  0%| F|  |TAMS 0x0000000706100000, 0x0000000706100000| Untracked 
|  34|0x0000000706200000, 0x0000000706200000, 0x0000000706300000|  0%| F|  |TAMS 0x0000000706200000, 0x0000000706200000| Untracked 
|  35|0x0000000706300000, 0x0000000706300000, 0x0000000706400000|  0%| F|  |TAMS 0x0000000706300000, 0x0000000706300000| Untracked 
|  36|0x0000000706400000, 0x0000000706400000, 0x0000000706500000|  0%| F|  |TAMS 0x0000000706400000, 0x0000000706400000| Untracked 
|  37|0x0000000706500000, 0x0000000706500000, 0x0000000706600000|  0%| F|  |TAMS 0x0000000706500000, 0x0000000706500000| Untracked 
|  38|0x0000000706600000, 0x0000000706600000, 0x0000000706700000|  0%| F|  |TAMS 0x0000000706600000, 0x0000000706600000| Untracked 
|  39|0x0000000706700000, 0x0000000706700000, 0x0000000706800000|  0%| F|  |TAMS 0x0000000706700000, 0x0000000706700000| Untracked 
|  40|0x0000000706800000, 0x0000000706800000, 0x0000000706900000|  0%| F|  |TAMS 0x0000000706800000, 0x0000000706800000| Untracked 
|  41|0x0000000706900000, 0x0000000706900000, 0x0000000706a00000|  0%| F|  |TAMS 0x0000000706900000, 0x0000000706900000| Untracked 
|  42|0x0000000706a00000, 0x0000000706a00000, 0x0000000706b00000|  0%| F|  |TAMS 0x0000000706a00000, 0x0000000706a00000| Untracked 
|  43|0x0000000706b00000, 0x0000000706b00000, 0x0000000706c00000|  0%| F|  |TAMS 0x0000000706b00000, 0x0000000706b00000| Untracked 
|  44|0x0000000706c00000, 0x0000000706c00000, 0x0000000706d00000|  0%| F|  |TAMS 0x0000000706c00000, 0x0000000706c00000| Untracked 
|  45|0x0000000706d00000, 0x0000000706d00000, 0x0000000706e00000|  0%| F|  |TAMS 0x0000000706d00000, 0x0000000706d00000| Untracked 
|  46|0x0000000706e00000, 0x0000000706e00000, 0x0000000706f00000|  0%| F|  |TAMS 0x0000000706e00000, 0x0000000706e00000| Untracked 
|  47|0x0000000706f00000, 0x0000000706f00000, 0x0000000707000000|  0%| F|  |TAMS 0x0000000706f00000, 0x0000000706f00000| Untracked 
|  48|0x0000000707000000, 0x0000000707000000, 0x0000000707100000|  0%| F|  |TAMS 0x0000000707000000, 0x0000000707000000| Untracked 
|  49|0x0000000707100000, 0x0000000707100000, 0x0000000707200000|  0%| F|  |TAMS 0x0000000707100000, 0x0000000707100000| Untracked 
|  50|0x0000000707200000, 0x0000000707200000, 0x0000000707300000|  0%| F|  |TAMS 0x0000000707200000, 0x0000000707200000| Untracked 
|  51|0x0000000707300000, 0x0000000707300000, 0x0000000707400000|  0%| F|  |TAMS 0x0000000707300000, 0x0000000707300000| Untracked 
|  52|0x0000000707400000, 0x0000000707400000, 0x0000000707500000|  0%| F|  |TAMS 0x0000000707400000, 0x0000000707400000| Untracked 
|  53|0x0000000707500000, 0x0000000707500000, 0x0000000707600000|  0%| F|  |TAMS 0x0000000707500000, 0x0000000707500000| Untracked 
|  54|0x0000000707600000, 0x0000000707600000, 0x0000000707700000|  0%| F|  |TAMS 0x0000000707600000, 0x0000000707600000| Untracked 
|  55|0x0000000707700000, 0x0000000707700000, 0x0000000707800000|  0%| F|  |TAMS 0x0000000707700000, 0x0000000707700000| Untracked 
|  56|0x0000000707800000, 0x0000000707800000, 0x0000000707900000|  0%| F|  |TAMS 0x0000000707800000, 0x0000000707800000| Untracked 
|  57|0x0000000707900000, 0x0000000707900000, 0x0000000707a00000|  0%| F|  |TAMS 0x0000000707900000, 0x0000000707900000| Untracked 
|  58|0x0000000707a00000, 0x0000000707a00000, 0x0000000707b00000|  0%| F|  |TAMS 0x0000000707a00000, 0x0000000707a00000| Untracked 
|  59|0x0000000707b00000, 0x0000000707b00000, 0x0000000707c00000|  0%| F|  |TAMS 0x0000000707b00000, 0x0000000707b00000| Untracked 
|  60|0x0000000707c00000, 0x0000000707c00000, 0x0000000707d00000|  0%| F|  |TAMS 0x0000000707c00000, 0x0000000707c00000| Untracked 
|  61|0x0000000707d00000, 0x0000000707d00000, 0x0000000707e00000|  0%| F|  |TAMS 0x0000000707d00000, 0x0000000707d00000| Untracked 
|  62|0x0000000707e00000, 0x0000000707e00000, 0x0000000707f00000|  0%| F|  |TAMS 0x0000000707e00000, 0x0000000707e00000| Untracked 
|  63|0x0000000707f00000, 0x0000000707f00000, 0x0000000708000000|  0%| F|  |TAMS 0x0000000707f00000, 0x0000000707f00000| Untracked 
|  64|0x0000000708000000, 0x0000000708000000, 0x0000000708100000|  0%| F|  |TAMS 0x0000000708000000, 0x0000000708000000| Untracked 
|  65|0x0000000708100000, 0x0000000708100000, 0x0000000708200000|  0%| F|  |TAMS 0x0000000708100000, 0x0000000708100000| Untracked 
|  66|0x0000000708200000, 0x0000000708200000, 0x0000000708300000|  0%| F|  |TAMS 0x0000000708200000, 0x0000000708200000| Untracked 
|  67|0x0000000708300000, 0x0000000708300000, 0x0000000708400000|  0%| F|  |TAMS 0x0000000708300000, 0x0000000708300000| Untracked 
|  68|0x0000000708400000, 0x0000000708400000, 0x0000000708500000|  0%| F|  |TAMS 0x0000000708400000, 0x0000000708400000| Untracked 
|  69|0x0000000708500000, 0x0000000708500000, 0x0000000708600000|  0%| F|  |TAMS 0x0000000708500000, 0x0000000708500000| Untracked 
|  70|0x0000000708600000, 0x0000000708600000, 0x0000000708700000|  0%| F|  |TAMS 0x0000000708600000, 0x0000000708600000| Untracked 
|  71|0x0000000708700000, 0x0000000708700000, 0x0000000708800000|  0%| F|  |TAMS 0x0000000708700000, 0x0000000708700000| Untracked 
|  72|0x0000000708800000, 0x0000000708800000, 0x0000000708900000|  0%| F|  |TAMS 0x0000000708800000, 0x0000000708800000| Untracked 
|  73|0x0000000708900000, 0x0000000708900000, 0x0000000708a00000|  0%| F|  |TAMS 0x0000000708900000, 0x0000000708900000| Untracked 
|  74|0x0000000708a00000, 0x0000000708a00000, 0x0000000708b00000|  0%| F|  |TAMS 0x0000000708a00000, 0x0000000708a00000| Untracked 
|  75|0x0000000708b00000, 0x0000000708b00000, 0x0000000708c00000|  0%| F|  |TAMS 0x0000000708b00000, 0x0000000708b00000| Untracked 
|  76|0x0000000708c00000, 0x0000000708c00000, 0x0000000708d00000|  0%| F|  |TAMS 0x0000000708c00000, 0x0000000708c00000| Untracked 
|  77|0x0000000708d00000, 0x0000000708d00000, 0x0000000708e00000|  0%| F|  |TAMS 0x0000000708d00000, 0x0000000708d00000| Untracked 
|  78|0x0000000708e00000, 0x0000000708e00000, 0x0000000708f00000|  0%| F|  |TAMS 0x0000000708e00000, 0x0000000708e00000| Untracked 
|  79|0x0000000708f00000, 0x0000000708f00000, 0x0000000709000000|  0%| F|  |TAMS 0x0000000708f00000, 0x0000000708f00000| Untracked 
|  80|0x0000000709000000, 0x0000000709000000, 0x0000000709100000|  0%| F|  |TAMS 0x0000000709000000, 0x0000000709000000| Untracked 
|  81|0x0000000709100000, 0x0000000709100000, 0x0000000709200000|  0%| F|  |TAMS 0x0000000709100000, 0x0000000709100000| Untracked 
|  82|0x0000000709200000, 0x0000000709200000, 0x0000000709300000|  0%| F|  |TAMS 0x0000000709200000, 0x0000000709200000| Untracked 
|  83|0x0000000709300000, 0x0000000709300000, 0x0000000709400000|  0%| F|  |TAMS 0x0000000709300000, 0x0000000709300000| Untracked 
|  84|0x0000000709400000, 0x0000000709400000, 0x0000000709500000|  0%| F|  |TAMS 0x0000000709400000, 0x0000000709400000| Untracked 
|  85|0x0000000709500000, 0x0000000709500000, 0x0000000709600000|  0%| F|  |TAMS 0x0000000709500000, 0x0000000709500000| Untracked 
|  86|0x0000000709600000, 0x0000000709600000, 0x0000000709700000|  0%| F|  |TAMS 0x0000000709600000, 0x0000000709600000| Untracked 
|  87|0x0000000709700000, 0x0000000709700000, 0x0000000709800000|  0%| F|  |TAMS 0x0000000709700000, 0x0000000709700000| Untracked 
|  88|0x0000000709800000, 0x0000000709800000, 0x0000000709900000|  0%| F|  |TAMS 0x0000000709800000, 0x0000000709800000| Untracked 
|  89|0x0000000709900000, 0x0000000709900000, 0x0000000709a00000|  0%| F|  |TAMS 0x0000000709900000, 0x0000000709900000| Untracked 
|  90|0x0000000709a00000, 0x0000000709a00000, 0x0000000709b00000|  0%| F|  |TAMS 0x0000000709a00000, 0x0000000709a00000| Untracked 
|  91|0x0000000709b00000, 0x0000000709b00000, 0x0000000709c00000|  0%| F|  |TAMS 0x0000000709b00000, 0x0000000709b00000| Untracked 
|  92|0x0000000709c00000, 0x0000000709c00000, 0x0000000709d00000|  0%| F|  |TAMS 0x0000000709c00000, 0x0000000709c00000| Untracked 
|  93|0x0000000709d00000, 0x0000000709d00000, 0x0000000709e00000|  0%| F|  |TAMS 0x0000000709d00000, 0x0000000709d00000| Untracked 
|  94|0x0000000709e00000, 0x0000000709e00000, 0x0000000709f00000|  0%| F|  |TAMS 0x0000000709e00000, 0x0000000709e00000| Untracked 
|  95|0x0000000709f00000, 0x0000000709f00000, 0x000000070a000000|  0%| F|  |TAMS 0x0000000709f00000, 0x0000000709f00000| Untracked 
|  96|0x000000070a000000, 0x000000070a000000, 0x000000070a100000|  0%| F|  |TAMS 0x000000070a000000, 0x000000070a000000| Untracked 
|  97|0x000000070a100000, 0x000000070a100000, 0x000000070a200000|  0%| F|  |TAMS 0x000000070a100000, 0x000000070a100000| Untracked 
|  98|0x000000070a200000, 0x000000070a200000, 0x000000070a300000|  0%| F|  |TAMS 0x000000070a200000, 0x000000070a200000| Untracked 
|  99|0x000000070a300000, 0x000000070a300000, 0x000000070a400000|  0%| F|  |TAMS 0x000000070a300000, 0x000000070a300000| Untracked 
| 100|0x000000070a400000, 0x000000070a400000, 0x000000070a500000|  0%| F|  |TAMS 0x000000070a400000, 0x000000070a400000| Untracked 
| 101|0x000000070a500000, 0x000000070a500000, 0x000000070a600000|  0%| F|  |TAMS 0x000000070a500000, 0x000000070a500000| Untracked 
| 102|0x000000070a600000, 0x000000070a600000, 0x000000070a700000|  0%| F|  |TAMS 0x000000070a600000, 0x000000070a600000| Untracked 
| 103|0x000000070a700000, 0x000000070a700000, 0x000000070a800000|  0%| F|  |TAMS 0x000000070a700000, 0x000000070a700000| Untracked 
| 104|0x000000070a800000, 0x000000070a800000, 0x000000070a900000|  0%| F|  |TAMS 0x000000070a800000, 0x000000070a800000| Untracked 
| 105|0x000000070a900000, 0x000000070a900000, 0x000000070aa00000|  0%| F|  |TAMS 0x000000070a900000, 0x000000070a900000| Untracked 
| 106|0x000000070aa00000, 0x000000070aa00000, 0x000000070ab00000|  0%| F|  |TAMS 0x000000070aa00000, 0x000000070aa00000| Untracked 
| 107|0x000000070ab00000, 0x000000070ab00000, 0x000000070ac00000|  0%| F|  |TAMS 0x000000070ab00000, 0x000000070ab00000| Untracked 
| 108|0x000000070ac00000, 0x000000070ac00000, 0x000000070ad00000|  0%| F|  |TAMS 0x000000070ac00000, 0x000000070ac00000| Untracked 
| 109|0x000000070ad00000, 0x000000070ad00000, 0x000000070ae00000|  0%| F|  |TAMS 0x000000070ad00000, 0x000000070ad00000| Untracked 
| 110|0x000000070ae00000, 0x000000070ae00000, 0x000000070af00000|  0%| F|  |TAMS 0x000000070ae00000, 0x000000070ae00000| Untracked 
| 111|0x000000070af00000, 0x000000070af00000, 0x000000070b000000|  0%| F|  |TAMS 0x000000070af00000, 0x000000070af00000| Untracked 
| 112|0x000000070b000000, 0x000000070b000000, 0x000000070b100000|  0%| F|  |TAMS 0x000000070b000000, 0x000000070b000000| Untracked 
| 113|0x000000070b100000, 0x000000070b100000, 0x000000070b200000|  0%| F|  |TAMS 0x000000070b100000, 0x000000070b100000| Untracked 
| 114|0x000000070b200000, 0x000000070b200000, 0x000000070b300000|  0%| F|  |TAMS 0x000000070b200000, 0x000000070b200000| Untracked 
| 115|0x000000070b300000, 0x000000070b300000, 0x000000070b400000|  0%| F|  |TAMS 0x000000070b300000, 0x000000070b300000| Untracked 
| 116|0x000000070b400000, 0x000000070b400000, 0x000000070b500000|  0%| F|  |TAMS 0x000000070b400000, 0x000000070b400000| Untracked 
| 117|0x000000070b500000, 0x000000070b500000, 0x000000070b600000|  0%| F|  |TAMS 0x000000070b500000, 0x000000070b500000| Untracked 
| 118|0x000000070b600000, 0x000000070b600000, 0x000000070b700000|  0%| F|  |TAMS 0x000000070b600000, 0x000000070b600000| Untracked 
| 119|0x000000070b700000, 0x000000070b700000, 0x000000070b800000|  0%| F|  |TAMS 0x000000070b700000, 0x000000070b700000| Untracked 
| 120|0x000000070b800000, 0x000000070b800000, 0x000000070b900000|  0%| F|  |TAMS 0x000000070b800000, 0x000000070b800000| Untracked 
| 121|0x000000070b900000, 0x000000070b900000, 0x000000070ba00000|  0%| F|  |TAMS 0x000000070b900000, 0x000000070b900000| Untracked 
| 122|0x000000070ba00000, 0x000000070ba00000, 0x000000070bb00000|  0%| F|  |TAMS 0x000000070ba00000, 0x000000070ba00000| Untracked 
| 123|0x000000070bb00000, 0x000000070bb00000, 0x000000070bc00000|  0%| F|  |TAMS 0x000000070bb00000, 0x000000070bb00000| Untracked 
| 124|0x000000070bc00000, 0x000000070bc00000, 0x000000070bd00000|  0%| F|  |TAMS 0x000000070bc00000, 0x000000070bc00000| Untracked 
| 125|0x000000070bd00000, 0x000000070bd00000, 0x000000070be00000|  0%| F|  |TAMS 0x000000070bd00000, 0x000000070bd00000| Untracked 
| 126|0x000000070be00000, 0x000000070be00000, 0x000000070bf00000|  0%| F|  |TAMS 0x000000070be00000, 0x000000070be00000| Untracked 
| 127|0x000000070bf00000, 0x000000070bf00000, 0x000000070c000000|  0%| F|  |TAMS 0x000000070bf00000, 0x000000070bf00000| Untracked 
| 128|0x000000070c000000, 0x000000070c000000, 0x000000070c100000|  0%| F|  |TAMS 0x000000070c000000, 0x000000070c000000| Untracked 
| 129|0x000000070c100000, 0x000000070c100000, 0x000000070c200000|  0%| F|  |TAMS 0x000000070c100000, 0x000000070c100000| Untracked 
| 130|0x000000070c200000, 0x000000070c200000, 0x000000070c300000|  0%| F|  |TAMS 0x000000070c200000, 0x000000070c200000| Untracked 
| 131|0x000000070c300000, 0x000000070c300000, 0x000000070c400000|  0%| F|  |TAMS 0x000000070c300000, 0x000000070c300000| Untracked 
| 132|0x000000070c400000, 0x000000070c400000, 0x000000070c500000|  0%| F|  |TAMS 0x000000070c400000, 0x000000070c400000| Untracked 
| 133|0x000000070c500000, 0x000000070c500000, 0x000000070c600000|  0%| F|  |TAMS 0x000000070c500000, 0x000000070c500000| Untracked 
| 134|0x000000070c600000, 0x000000070c600000, 0x000000070c700000|  0%| F|  |TAMS 0x000000070c600000, 0x000000070c600000| Untracked 
| 135|0x000000070c700000, 0x000000070c700000, 0x000000070c800000|  0%| F|  |TAMS 0x000000070c700000, 0x000000070c700000| Untracked 
| 136|0x000000070c800000, 0x000000070c800000, 0x000000070c900000|  0%| F|  |TAMS 0x000000070c800000, 0x000000070c800000| Untracked 
| 137|0x000000070c900000, 0x000000070c900000, 0x000000070ca00000|  0%| F|  |TAMS 0x000000070c900000, 0x000000070c900000| Untracked 
| 138|0x000000070ca00000, 0x000000070ca00000, 0x000000070cb00000|  0%| F|  |TAMS 0x000000070ca00000, 0x000000070ca00000| Untracked 
| 139|0x000000070cb00000, 0x000000070cb00000, 0x000000070cc00000|  0%| F|  |TAMS 0x000000070cb00000, 0x000000070cb00000| Untracked 
| 140|0x000000070cc00000, 0x000000070cc00000, 0x000000070cd00000|  0%| F|  |TAMS 0x000000070cc00000, 0x000000070cc00000| Untracked 
| 141|0x000000070cd00000, 0x000000070cd00000, 0x000000070ce00000|  0%| F|  |TAMS 0x000000070cd00000, 0x000000070cd00000| Untracked 
| 142|0x000000070ce00000, 0x000000070ce00000, 0x000000070cf00000|  0%| F|  |TAMS 0x000000070ce00000, 0x000000070ce00000| Untracked 
| 143|0x000000070cf00000, 0x000000070cf00000, 0x000000070d000000|  0%| F|  |TAMS 0x000000070cf00000, 0x000000070cf00000| Untracked 
| 144|0x000000070d000000, 0x000000070d000000, 0x000000070d100000|  0%| F|  |TAMS 0x000000070d000000, 0x000000070d000000| Untracked 
| 145|0x000000070d100000, 0x000000070d100000, 0x000000070d200000|  0%| F|  |TAMS 0x000000070d100000, 0x000000070d100000| Untracked 
| 146|0x000000070d200000, 0x000000070d200000, 0x000000070d300000|  0%| F|  |TAMS 0x000000070d200000, 0x000000070d200000| Untracked 
| 147|0x000000070d300000, 0x000000070d300000, 0x000000070d400000|  0%| F|  |TAMS 0x000000070d300000, 0x000000070d300000| Untracked 
| 148|0x000000070d400000, 0x000000070d400000, 0x000000070d500000|  0%| F|  |TAMS 0x000000070d400000, 0x000000070d400000| Untracked 
| 149|0x000000070d500000, 0x000000070d500000, 0x000000070d600000|  0%| F|  |TAMS 0x000000070d500000, 0x000000070d500000| Untracked 
| 150|0x000000070d600000, 0x000000070d600000, 0x000000070d700000|  0%| F|  |TAMS 0x000000070d600000, 0x000000070d600000| Untracked 
| 151|0x000000070d700000, 0x000000070d700000, 0x000000070d800000|  0%| F|  |TAMS 0x000000070d700000, 0x000000070d700000| Untracked 
| 152|0x000000070d800000, 0x000000070d800000, 0x000000070d900000|  0%| F|  |TAMS 0x000000070d800000, 0x000000070d800000| Untracked 
| 153|0x000000070d900000, 0x000000070d900000, 0x000000070da00000|  0%| F|  |TAMS 0x000000070d900000, 0x000000070d900000| Untracked 
| 154|0x000000070da00000, 0x000000070da00000, 0x000000070db00000|  0%| F|  |TAMS 0x000000070da00000, 0x000000070da00000| Untracked 
| 155|0x000000070db00000, 0x000000070db00000, 0x000000070dc00000|  0%| F|  |TAMS 0x000000070db00000, 0x000000070db00000| Untracked 
| 156|0x000000070dc00000, 0x000000070dc00000, 0x000000070dd00000|  0%| F|  |TAMS 0x000000070dc00000, 0x000000070dc00000| Untracked 
| 157|0x000000070dd00000, 0x000000070dd00000, 0x000000070de00000|  0%| F|  |TAMS 0x000000070dd00000, 0x000000070dd00000| Untracked 
| 158|0x000000070de00000, 0x000000070de00000, 0x000000070df00000|  0%| F|  |TAMS 0x000000070de00000, 0x000000070de00000| Untracked 
| 159|0x000000070df00000, 0x000000070df00000, 0x000000070e000000|  0%| F|  |TAMS 0x000000070df00000, 0x000000070df00000| Untracked 
| 160|0x000000070e000000, 0x000000070e000000, 0x000000070e100000|  0%| F|  |TAMS 0x000000070e000000, 0x000000070e000000| Untracked 
| 161|0x000000070e100000, 0x000000070e100000, 0x000000070e200000|  0%| F|  |TAMS 0x000000070e100000, 0x000000070e100000| Untracked 
| 162|0x000000070e200000, 0x000000070e200000, 0x000000070e300000|  0%| F|  |TAMS 0x000000070e200000, 0x000000070e200000| Untracked 
| 163|0x000000070e300000, 0x000000070e300000, 0x000000070e400000|  0%| F|  |TAMS 0x000000070e300000, 0x000000070e300000| Untracked 
| 164|0x000000070e400000, 0x000000070e400000, 0x000000070e500000|  0%| F|  |TAMS 0x000000070e400000, 0x000000070e400000| Untracked 
| 165|0x000000070e500000, 0x000000070e500000, 0x000000070e600000|  0%| F|  |TAMS 0x000000070e500000, 0x000000070e500000| Untracked 
| 166|0x000000070e600000, 0x000000070e600000, 0x000000070e700000|  0%| F|  |TAMS 0x000000070e600000, 0x000000070e600000| Untracked 
| 167|0x000000070e700000, 0x000000070e700000, 0x000000070e800000|  0%| F|  |TAMS 0x000000070e700000, 0x000000070e700000| Untracked 
| 168|0x000000070e800000, 0x000000070e800000, 0x000000070e900000|  0%| F|  |TAMS 0x000000070e800000, 0x000000070e800000| Untracked 
| 169|0x000000070e900000, 0x000000070e900000, 0x000000070ea00000|  0%| F|  |TAMS 0x000000070e900000, 0x000000070e900000| Untracked 
| 170|0x000000070ea00000, 0x000000070ea00000, 0x000000070eb00000|  0%| F|  |TAMS 0x000000070ea00000, 0x000000070ea00000| Untracked 
| 171|0x000000070eb00000, 0x000000070eb00000, 0x000000070ec00000|  0%| F|  |TAMS 0x000000070eb00000, 0x000000070eb00000| Untracked 
| 172|0x000000070ec00000, 0x000000070ec00000, 0x000000070ed00000|  0%| F|  |TAMS 0x000000070ec00000, 0x000000070ec00000| Untracked 
| 173|0x000000070ed00000, 0x000000070ed00000, 0x000000070ee00000|  0%| F|  |TAMS 0x000000070ed00000, 0x000000070ed00000| Untracked 
| 174|0x000000070ee00000, 0x000000070ee00000, 0x000000070ef00000|  0%| F|  |TAMS 0x000000070ee00000, 0x000000070ee00000| Untracked 
| 175|0x000000070ef00000, 0x000000070ef00000, 0x000000070f000000|  0%| F|  |TAMS 0x000000070ef00000, 0x000000070ef00000| Untracked 
| 176|0x000000070f000000, 0x000000070f000000, 0x000000070f100000|  0%| F|  |TAMS 0x000000070f000000, 0x000000070f000000| Untracked 
| 177|0x000000070f100000, 0x000000070f100000, 0x000000070f200000|  0%| F|  |TAMS 0x000000070f100000, 0x000000070f100000| Untracked 
| 178|0x000000070f200000, 0x000000070f200000, 0x000000070f300000|  0%| F|  |TAMS 0x000000070f200000, 0x000000070f200000| Untracked 
| 179|0x000000070f300000, 0x000000070f300000, 0x000000070f400000|  0%| F|  |TAMS 0x000000070f300000, 0x000000070f300000| Untracked 
| 180|0x000000070f400000, 0x000000070f400000, 0x000000070f500000|  0%| F|  |TAMS 0x000000070f400000, 0x000000070f400000| Untracked 
| 181|0x000000070f500000, 0x000000070f500000, 0x000000070f600000|  0%| F|  |TAMS 0x000000070f500000, 0x000000070f500000| Untracked 
| 182|0x000000070f600000, 0x000000070f600000, 0x000000070f700000|  0%| F|  |TAMS 0x000000070f600000, 0x000000070f600000| Untracked 
| 183|0x000000070f700000, 0x000000070f700000, 0x000000070f800000|  0%| F|  |TAMS 0x000000070f700000, 0x000000070f700000| Untracked 
| 184|0x000000070f800000, 0x000000070f800000, 0x000000070f900000|  0%| F|  |TAMS 0x000000070f800000, 0x000000070f800000| Untracked 
| 185|0x000000070f900000, 0x000000070f900000, 0x000000070fa00000|  0%| F|  |TAMS 0x000000070f900000, 0x000000070f900000| Untracked 
| 186|0x000000070fa00000, 0x000000070fa00000, 0x000000070fb00000|  0%| F|  |TAMS 0x000000070fa00000, 0x000000070fa00000| Untracked 
| 187|0x000000070fb00000, 0x000000070fb00000, 0x000000070fc00000|  0%| F|  |TAMS 0x000000070fb00000, 0x000000070fb00000| Untracked 
| 188|0x000000070fc00000, 0x000000070fc00000, 0x000000070fd00000|  0%| F|  |TAMS 0x000000070fc00000, 0x000000070fc00000| Untracked 
| 189|0x000000070fd00000, 0x000000070fd00000, 0x000000070fe00000|  0%| F|  |TAMS 0x000000070fd00000, 0x000000070fd00000| Untracked 
| 190|0x000000070fe00000, 0x000000070fe00000, 0x000000070ff00000|  0%| F|  |TAMS 0x000000070fe00000, 0x000000070fe00000| Untracked 
| 191|0x000000070ff00000, 0x000000070ff00000, 0x0000000710000000|  0%| F|  |TAMS 0x000000070ff00000, 0x000000070ff00000| Untracked 
| 192|0x0000000710000000, 0x0000000710000000, 0x0000000710100000|  0%| F|  |TAMS 0x0000000710000000, 0x0000000710000000| Untracked 
| 193|0x0000000710100000, 0x0000000710100000, 0x0000000710200000|  0%| F|  |TAMS 0x0000000710100000, 0x0000000710100000| Untracked 
| 194|0x0000000710200000, 0x0000000710200000, 0x0000000710300000|  0%| F|  |TAMS 0x0000000710200000, 0x0000000710200000| Untracked 
| 195|0x0000000710300000, 0x0000000710300000, 0x0000000710400000|  0%| F|  |TAMS 0x0000000710300000, 0x0000000710300000| Untracked 
| 196|0x0000000710400000, 0x0000000710400000, 0x0000000710500000|  0%| F|  |TAMS 0x0000000710400000, 0x0000000710400000| Untracked 
| 197|0x0000000710500000, 0x0000000710500000, 0x0000000710600000|  0%| F|  |TAMS 0x0000000710500000, 0x0000000710500000| Untracked 
| 198|0x0000000710600000, 0x0000000710600000, 0x0000000710700000|  0%| F|  |TAMS 0x0000000710600000, 0x0000000710600000| Untracked 
| 199|0x0000000710700000, 0x0000000710700000, 0x0000000710800000|  0%| F|  |TAMS 0x0000000710700000, 0x0000000710700000| Untracked 
| 200|0x0000000710800000, 0x0000000710800000, 0x0000000710900000|  0%| F|  |TAMS 0x0000000710800000, 0x0000000710800000| Untracked 
| 201|0x0000000710900000, 0x0000000710900000, 0x0000000710a00000|  0%| F|  |TAMS 0x0000000710900000, 0x0000000710900000| Untracked 
| 202|0x0000000710a00000, 0x0000000710a00000, 0x0000000710b00000|  0%| F|  |TAMS 0x0000000710a00000, 0x0000000710a00000| Untracked 
| 203|0x0000000710b00000, 0x0000000710b00000, 0x0000000710c00000|  0%| F|  |TAMS 0x0000000710b00000, 0x0000000710b00000| Untracked 
| 204|0x0000000710c00000, 0x0000000710c00000, 0x0000000710d00000|  0%| F|  |TAMS 0x0000000710c00000, 0x0000000710c00000| Untracked 
| 205|0x0000000710d00000, 0x0000000710d00000, 0x0000000710e00000|  0%| F|  |TAMS 0x0000000710d00000, 0x0000000710d00000| Untracked 
| 206|0x0000000710e00000, 0x0000000710e00000, 0x0000000710f00000|  0%| F|  |TAMS 0x0000000710e00000, 0x0000000710e00000| Untracked 
| 207|0x0000000710f00000, 0x0000000710f00000, 0x0000000711000000|  0%| F|  |TAMS 0x0000000710f00000, 0x0000000710f00000| Untracked 
| 208|0x0000000711000000, 0x0000000711000000, 0x0000000711100000|  0%| F|  |TAMS 0x0000000711000000, 0x0000000711000000| Untracked 
| 209|0x0000000711100000, 0x0000000711100000, 0x0000000711200000|  0%| F|  |TAMS 0x0000000711100000, 0x0000000711100000| Untracked 
| 210|0x0000000711200000, 0x0000000711200000, 0x0000000711300000|  0%| F|  |TAMS 0x0000000711200000, 0x0000000711200000| Untracked 
| 211|0x0000000711300000, 0x0000000711300000, 0x0000000711400000|  0%| F|  |TAMS 0x0000000711300000, 0x0000000711300000| Untracked 
| 212|0x0000000711400000, 0x0000000711400000, 0x0000000711500000|  0%| F|  |TAMS 0x0000000711400000, 0x0000000711400000| Untracked 
| 213|0x0000000711500000, 0x0000000711500000, 0x0000000711600000|  0%| F|  |TAMS 0x0000000711500000, 0x0000000711500000| Untracked 
| 214|0x0000000711600000, 0x0000000711600000, 0x0000000711700000|  0%| F|  |TAMS 0x0000000711600000, 0x0000000711600000| Untracked 
| 215|0x0000000711700000, 0x0000000711700000, 0x0000000711800000|  0%| F|  |TAMS 0x0000000711700000, 0x0000000711700000| Untracked 
| 216|0x0000000711800000, 0x0000000711800000, 0x0000000711900000|  0%| F|  |TAMS 0x0000000711800000, 0x0000000711800000| Untracked 
| 217|0x0000000711900000, 0x0000000711900000, 0x0000000711a00000|  0%| F|  |TAMS 0x0000000711900000, 0x0000000711900000| Untracked 
| 218|0x0000000711a00000, 0x0000000711a00000, 0x0000000711b00000|  0%| F|  |TAMS 0x0000000711a00000, 0x0000000711a00000| Untracked 
| 219|0x0000000711b00000, 0x0000000711b00000, 0x0000000711c00000|  0%| F|  |TAMS 0x0000000711b00000, 0x0000000711b00000| Untracked 
| 220|0x0000000711c00000, 0x0000000711c00000, 0x0000000711d00000|  0%| F|  |TAMS 0x0000000711c00000, 0x0000000711c00000| Untracked 
| 221|0x0000000711d00000, 0x0000000711d00000, 0x0000000711e00000|  0%| F|  |TAMS 0x0000000711d00000, 0x0000000711d00000| Untracked 
| 222|0x0000000711e00000, 0x0000000711e00000, 0x0000000711f00000|  0%| F|  |TAMS 0x0000000711e00000, 0x0000000711e00000| Untracked 
| 223|0x0000000711f00000, 0x0000000711f00000, 0x0000000712000000|  0%| F|  |TAMS 0x0000000711f00000, 0x0000000711f00000| Untracked 
| 224|0x0000000712000000, 0x0000000712000000, 0x0000000712100000|  0%| F|  |TAMS 0x0000000712000000, 0x0000000712000000| Untracked 
| 225|0x0000000712100000, 0x0000000712100000, 0x0000000712200000|  0%| F|  |TAMS 0x0000000712100000, 0x0000000712100000| Untracked 
| 226|0x0000000712200000, 0x0000000712200000, 0x0000000712300000|  0%| F|  |TAMS 0x0000000712200000, 0x0000000712200000| Untracked 
| 227|0x0000000712300000, 0x0000000712300000, 0x0000000712400000|  0%| F|  |TAMS 0x0000000712300000, 0x0000000712300000| Untracked 
| 228|0x0000000712400000, 0x0000000712400000, 0x0000000712500000|  0%| F|  |TAMS 0x0000000712400000, 0x0000000712400000| Untracked 
| 229|0x0000000712500000, 0x0000000712500000, 0x0000000712600000|  0%| F|  |TAMS 0x0000000712500000, 0x0000000712500000| Untracked 
| 230|0x0000000712600000, 0x00000007126504f0, 0x0000000712700000| 31%| S|CS|TAMS 0x0000000712600000, 0x0000000712600000| Complete 
| 231|0x0000000712700000, 0x0000000712800000, 0x0000000712800000|100%| S|CS|TAMS 0x0000000712700000, 0x0000000712700000| Complete 
| 232|0x0000000712800000, 0x0000000712800000, 0x0000000712900000|  0%| F|  |TAMS 0x0000000712800000, 0x0000000712800000| Untracked 
| 233|0x0000000712900000, 0x0000000712900000, 0x0000000712a00000|  0%| F|  |TAMS 0x0000000712900000, 0x0000000712900000| Untracked 
| 234|0x0000000712a00000, 0x0000000712a00000, 0x0000000712b00000|  0%| F|  |TAMS 0x0000000712a00000, 0x0000000712a00000| Untracked 
| 235|0x0000000712b00000, 0x0000000712b00000, 0x0000000712c00000|  0%| F|  |TAMS 0x0000000712b00000, 0x0000000712b00000| Untracked 
| 236|0x0000000712c00000, 0x0000000712c00000, 0x0000000712d00000|  0%| F|  |TAMS 0x0000000712c00000, 0x0000000712c00000| Untracked 
| 237|0x0000000712d00000, 0x0000000712d00000, 0x0000000712e00000|  0%| F|  |TAMS 0x0000000712d00000, 0x0000000712d00000| Untracked 
| 238|0x0000000712e00000, 0x0000000712e00000, 0x0000000712f00000|  0%| F|  |TAMS 0x0000000712e00000, 0x0000000712e00000| Untracked 
| 239|0x0000000712f00000, 0x0000000712f00000, 0x0000000713000000|  0%| F|  |TAMS 0x0000000712f00000, 0x0000000712f00000| Untracked 
| 240|0x0000000713000000, 0x0000000713000000, 0x0000000713100000|  0%| F|  |TAMS 0x0000000713000000, 0x0000000713000000| Untracked 
| 241|0x0000000713100000, 0x0000000713100000, 0x0000000713200000|  0%| F|  |TAMS 0x0000000713100000, 0x0000000713100000| Untracked 
| 242|0x0000000713200000, 0x0000000713200000, 0x0000000713300000|  0%| F|  |TAMS 0x0000000713200000, 0x0000000713200000| Untracked 
| 243|0x0000000713300000, 0x0000000713300000, 0x0000000713400000|  0%| F|  |TAMS 0x0000000713300000, 0x0000000713300000| Untracked 
| 244|0x0000000713400000, 0x0000000713400000, 0x0000000713500000|  0%| F|  |TAMS 0x0000000713400000, 0x0000000713400000| Untracked 
| 245|0x0000000713500000, 0x0000000713500000, 0x0000000713600000|  0%| F|  |TAMS 0x0000000713500000, 0x0000000713500000| Untracked 
| 246|0x0000000713600000, 0x0000000713600000, 0x0000000713700000|  0%| F|  |TAMS 0x0000000713600000, 0x0000000713600000| Untracked 
| 247|0x0000000713700000, 0x0000000713780800, 0x0000000713800000| 50%| E|  |TAMS 0x0000000713700000, 0x0000000713700000| Complete 
| 248|0x0000000713800000, 0x0000000713900000, 0x0000000713900000|100%| E|CS|TAMS 0x0000000713800000, 0x0000000713800000| Complete 
| 249|0x0000000713900000, 0x0000000713a00000, 0x0000000713a00000|100%| E|CS|TAMS 0x0000000713900000, 0x0000000713900000| Complete 
| 250|0x0000000713a00000, 0x0000000713b00000, 0x0000000713b00000|100%| E|CS|TAMS 0x0000000713a00000, 0x0000000713a00000| Complete 
| 251|0x0000000713b00000, 0x0000000713c00000, 0x0000000713c00000|100%| E|CS|TAMS 0x0000000713b00000, 0x0000000713b00000| Complete 

Card table byte_map: [0x000001f14fbf0000,0x000001f1503d0000] _byte_map_base: 0x000001f14c3d0000

Marking Bits (Prev, Next): (CMBitMap*) 0x000001f135ac3278, (CMBitMap*) 0x000001f135ac32b0
 Prev Bits: [0x000001f150bb0000, 0x000001f154ab0000)
 Next Bits: [0x000001f154ab0000, 0x000001f1589b0000)

Polling page: 0x000001f135b20000

Metaspace:

Usage:
  Non-class:     21.57 MB capacity,    21.32 MB ( 99%) used,   208.27 KB ( <1%) free+waste,    49.06 KB ( <1%) overhead. 
      Class:      3.08 MB capacity,     2.89 MB ( 94%) used,   168.30 KB (  5%) free+waste,    22.94 KB ( <1%) overhead. 
       Both:     24.65 MB capacity,    24.21 MB ( 98%) used,   376.57 KB (  1%) free+waste,    72.00 KB ( <1%) overhead. 

Virtual space:
  Non-class space:       30.00 MB reserved,      21.75 MB ( 72%) committed 
      Class space:        1.00 GB reserved,       3.13 MB ( <1%) committed 
             Both:        1.03 GB reserved,      24.87 MB (  2%) committed 

Chunk freelists:
   Non-Class:  49.00 KB
       Class:  18.00 KB
        Both:  67.00 KB

MaxMetaspaceSize: 17179869184.00 GB
CompressedClassSpaceSize: 1.00 GB
Initial GC threshold: 20.80 MB
Current GC threshold: 41.04 MB
CDS: off

CodeHeap 'non-profiled nmethods': size=120000Kb used=1056Kb max_used=1056Kb free=118943Kb
 bounds [0x000001f147460000, 0x000001f1476d0000, 0x000001f14e990000]
CodeHeap 'profiled nmethods': size=120000Kb used=4420Kb max_used=4420Kb free=115579Kb
 bounds [0x000001f13ff30000, 0x000001f140390000, 0x000001f147460000]
CodeHeap 'non-nmethods': size=5760Kb used=1297Kb max_used=1326Kb free=4462Kb
 bounds [0x000001f13f990000, 0x000001f13fc00000, 0x000001f13ff30000]
 total_blobs=2627 nmethods=2153 adapters=394
 compilation: enabled
              stopped_count=0, restarted_count=0
 full_count=0

Compilation events (20 events):
Event: 2.882 Thread 0x000001f15be6a800 nmethod 2129 0x000001f140369d10 code [0x000001f140369ee0, 0x000001f14036a2e8]
Event: 2.882 Thread 0x000001f15be6a800 2130       3       net.bytebuddy.matcher.ModifierMatcher::matches (23 bytes)
Event: 2.882 Thread 0x000001f15be6a800 nmethod 2130 0x000001f14036a490 code [0x000001f14036a660, 0x000001f14036a8c8]
Event: 2.885 Thread 0x000001f15be6a800 2131       3       java.util.Collections::singletonIterator (9 bytes)
Event: 2.886 Thread 0x000001f15be6a800 nmethod 2131 0x000001f14036aa10 code [0x000001f14036abe0, 0x000001f14036ae58]
Event: 2.886 Thread 0x000001f15be6a800 2132       3       java.util.Collections$1::<init> (15 bytes)
Event: 2.886 Thread 0x000001f15be6a800 nmethod 2132 0x000001f14036af90 code [0x000001f14036b140, 0x000001f14036b2f8]
Event: 2.886 Thread 0x000001f15be6a800 2133       3       java.util.Collections$1::next (25 bytes)
Event: 2.886 Thread 0x000001f15be6a800 nmethod 2133 0x000001f14036b390 code [0x000001f14036b560, 0x000001f14036b7a8]
Event: 2.886 Thread 0x000001f15be6a800 2134       3       java.lang.reflect.Constructor::setConstructorAccessor (21 bytes)
Event: 2.886 Thread 0x000001f15be6a800 nmethod 2134 0x000001f14036b890 code [0x000001f14036ba60, 0x000001f14036bd68]
Event: 2.890 Thread 0x000001f15be6a800 2136       3       java.lang.StackStreamFactory$FrameBuffer::isEmpty (32 bytes)
Event: 2.890 Thread 0x000001f15be6a800 nmethod 2136 0x000001f14036be90 code [0x000001f14036c040, 0x000001f14036c218]
Event: 2.893 Thread 0x000001f15be6a800 2137       3       java.util.RegularEnumSet::contains (57 bytes)
Event: 2.893 Thread 0x000001f15be6a800 nmethod 2137 0x000001f14036c290 code [0x000001f14036c460, 0x000001f14036c868]
Event: 2.893 Thread 0x000001f15be6a800 2138       3       java.lang.StackWalker::hasOption (11 bytes)
Event: 2.893 Thread 0x000001f15be6a800 nmethod 2138 0x000001f14036c990 code [0x000001f14036cb40, 0x000001f14036cd28]
Event: 2.895 Thread 0x000001f15be6a800 2139       3       jdk.internal.loader.URLClassPath::getResource (74 bytes)
Event: 2.896 Thread 0x000001f15be6a800 nmethod 2139 0x000001f14036ce10 code [0x000001f14036cfe0, 0x000001f14036d338]
Event: 2.896 Thread 0x000001f15be6a800 2140       3       net.bytebuddy.jar.asm.ClassReader::accept (1383 bytes)

GC Heap History (6 events):
Event: 1.088 GC heap before
{Heap before GC invocations=0 (full 0):
 garbage-first heap   total 258048K, used 24576K [0x0000000704000000, 0x0000000800000000)
  region size 1024K, 24 young (24576K), 0 survivors (0K)
 Metaspace       used 9843K, capacity 9956K, committed 10240K, reserved 1058816K
  class space    used 928K, capacity 976K, committed 1024K, reserved 1048576K
}
Event: 1.092 GC heap after
{Heap after GC invocations=1 (full 0):
 garbage-first heap   total 258048K, used 11134K [0x0000000704000000, 0x0000000800000000)
  region size 1024K, 3 young (3072K), 3 survivors (3072K)
 Metaspace       used 9843K, capacity 9956K, committed 10240K, reserved 1058816K
  class space    used 928K, capacity 976K, committed 1024K, reserved 1048576K
}
Event: 2.210 GC heap before
{Heap before GC invocations=1 (full 0):
 garbage-first heap   total 258048K, used 45950K [0x0000000704000000, 0x0000000800000000)
  region size 1024K, 38 young (38912K), 3 survivors (3072K)
 Metaspace       used 20759K, capacity 21177K, committed 21248K, reserved 1069056K
  class space    used 2380K, capacity 2543K, committed 2560K, reserved 1048576K
}
Event: 2.217 GC heap after
{Heap after GC invocations=2 (full 0):
 garbage-first heap   total 258048K, used 13812K [0x0000000704000000, 0x0000000800000000)
  region size 1024K, 6 young (6144K), 6 survivors (6144K)
 Metaspace       used 20759K, capacity 21177K, committed 21248K, reserved 1069056K
  class space    used 2380K, capacity 2543K, committed 2560K, reserved 1048576K
}
Event: 2.841 GC heap before
{Heap before GC invocations=3 (full 0):
 garbage-first heap   total 258048K, used 33268K [0x0000000704000000, 0x0000000800000000)
  region size 1024K, 26 young (26624K), 6 survivors (6144K)
 Metaspace       used 24323K, capacity 24787K, committed 24956K, reserved 1077248K
  class space    used 2901K, capacity 3084K, committed 3200K, reserved 1048576K
}
Event: 2.848 GC heap after
{Heap after GC invocations=4 (full 0):
 garbage-first heap   total 258048K, used 15036K [0x0000000704000000, 0x0000000800000000)
  region size 1024K, 2 young (2048K), 2 survivors (2048K)
 Metaspace       used 24323K, capacity 24787K, committed 24956K, reserved 1077248K
  class space    used 2901K, capacity 3084K, committed 3200K, reserved 1048576K
}

Deoptimization events (20 events):
Event: 2.592 Thread 0x000001f135a5e000 Uncommon trap: trap_request=0xffffffc6 fr.pc=0x000001f1474dddac relative=0x00000000000029ec
Event: 2.592 Thread 0x000001f135a5e000 Uncommon trap: reason=bimorphic_or_optimized_type_check action=maybe_recompile pc=0x000001f1474dddac method=java.net.URL.<init>(Ljava/net/URL;Ljava/lang/String;Ljava/net/URLStreamHandler;)V @ 504 c2
Event: 2.592 Thread 0x000001f135a5e000 DEOPT PACKING pc=0x000001f1474dddac sp=0x00000050848fe2c0
Event: 2.592 Thread 0x000001f135a5e000 DEOPT UNPACKING pc=0x000001f13f9985af sp=0x00000050848fe2a0 mode 2
Event: 2.592 Thread 0x000001f135a5e000 Uncommon trap: trap_request=0xffffff4d fr.pc=0x000001f1475330c8 relative=0x0000000000000a88
Event: 2.592 Thread 0x000001f135a5e000 Uncommon trap: reason=unstable_if action=reinterpret pc=0x000001f1475330c8 method=sun.net.util.IPAddressUtil.scan(Ljava/lang/String;JJ[C)I @ 14 c2
Event: 2.592 Thread 0x000001f135a5e000 DEOPT PACKING pc=0x000001f1475330c8 sp=0x00000050848fe0d0
Event: 2.592 Thread 0x000001f135a5e000 DEOPT UNPACKING pc=0x000001f13f9985af sp=0x00000050848fdfa0 mode 2
Event: 2.825 Thread 0x000001f135a5e000 Uncommon trap: trap_request=0xffffff4d fr.pc=0x000001f14748e5dc relative=0x000000000000141c
Event: 2.825 Thread 0x000001f135a5e000 Uncommon trap: reason=unstable_if action=reinterpret pc=0x000001f14748e5dc method=java.io.WinNTFileSystem.normalize(Ljava/lang/String;)Ljava/lang/String; @ 128 c2
Event: 2.825 Thread 0x000001f135a5e000 DEOPT PACKING pc=0x000001f14748e5dc sp=0x00000050848fb900
Event: 2.825 Thread 0x000001f135a5e000 DEOPT UNPACKING pc=0x000001f13f9985af sp=0x00000050848fb928 mode 2
Event: 2.837 Thread 0x000001f135a5e000 Uncommon trap: trap_request=0xffffff4d fr.pc=0x000001f14753b1c8 relative=0x00000000000006c8
Event: 2.837 Thread 0x000001f135a5e000 Uncommon trap: reason=unstable_if action=reinterpret pc=0x000001f14753b1c8 method=sun.net.www.ParseUtil.firstEncodeIndex(Ljava/lang/String;)I @ 51 c2
Event: 2.837 Thread 0x000001f135a5e000 DEOPT PACKING pc=0x000001f14753b1c8 sp=0x00000050848fe030
Event: 2.837 Thread 0x000001f135a5e000 DEOPT UNPACKING pc=0x000001f13f9985af sp=0x00000050848fdf20 mode 2
Event: 2.854 Thread 0x000001f135a5e000 DEOPT PACKING pc=0x000001f140341eec sp=0x00000050848fe7c0
Event: 2.854 Thread 0x000001f135a5e000 DEOPT UNPACKING pc=0x000001f13f9d9d0e sp=0x00000050848fdc98 mode 1
Event: 2.886 Thread 0x000001f135a5e000 DEOPT PACKING pc=0x000001f140361ff3 sp=0x00000050848fd400
Event: 2.887 Thread 0x000001f135a5e000 DEOPT UNPACKING pc=0x000001f13f9d9d0e sp=0x00000050848fc918 mode 0

Classes redefined (0 events):
No events

Internal exceptions (20 events):
Event: 1.438 Thread 0x000001f135a5e000 Exception <a 'java/lang/NoSuchMethodError'{0x0000000712da6da8}: 'java.lang.Object java.lang.invoke.DirectMethodHandle$Holder.invokeStatic(java.lang.Object, java.lang.Object, java.lang.Object, java.lang.Object, int, int, java.lang.Object)'> (0x0000000712da6da8) thrown at [./src/hotspot/share/interpreter/linkResolver.cpp, line 773]
Event: 1.522 Thread 0x000001f135a5e000 Exception <a 'java/lang/NoSuchMethodError'{0x0000000712b0b728}: 'java.lang.Object java.lang.invoke.DirectMethodHandle$Holder.invokeStatic(java.lang.Object, java.lang.Object, java.lang.Object, java.lang.Object, java.lang.Object, java.lang.Object, java.lang.Object, java.lang.Object, java.lang.Object, java.lang.Object, java.lang.Object, int)'> (0x0000000712b0b728) thrown at [./src/hotspot/share/interpreter/linkResolver.cpp, line 773]
Event: 1.527 Thread 0x000001f135a5e000 Exception <a 'java/lang/NoSuchMethodError'{0x0000000712b298d0}: 'java.lang.Object java.lang.invoke.DirectMethodHandle$Holder.invokeStatic(java.lang.Object, java.lang.Object, java.lang.Object, java.lang.Object, java.lang.Object, java.lang.Object, java.lang.Object, java.lang.Object, java.lang.Object, java.lang.Object, java.lang.Object, int, int)'> (0x0000000712b298d0) thrown at [./src/hotspot/share/interpreter/linkResolver.cpp, line 773]
Event: 1.535 Thread 0x000001f135a5e000 Exception <a 'java/lang/NoSuchMethodError'{0x0000000712b48908}: 'java.lang.Object java.lang.invoke.DirectMethodHandle$Holder.invokeStatic(java.lang.Object, java.lang.Object, java.lang.Object, java.lang.Object, java.lang.Object, java.lang.Object, java.lang.Object, java.lang.Object, java.lang.Object, java.lang.Object, java.lang.Object, int, int, java.lang.Object)'> (0x0000000712b48908) thrown at [./src/hotspot/share/interpreter/linkResolver.cpp, line 773]
Event: 1.539 Thread 0x000001f135a5e000 Exception <a 'java/lang/NoSuchMethodError'{0x0000000712b68fc8}: 'java.lang.Object java.lang.invoke.DirectMethodHandle$Holder.invokeStatic(java.lang.Object, java.lang.Object, java.lang.Object, java.lang.Object, java.lang.Object, java.lang.Object, java.lang.Object, java.lang.Object, java.lang.Object, java.lang.Object, java.lang.Object, int, int, java.lang.Object, java.lang.Object)'> (0x0000000712b68fc8) thrown at [./src/hotspot/share/interpreter/linkResolver.cpp, line 773]
Event: 1.610 Thread 0x000001f135a5e000 Exception <a 'java/lang/NoSuchMethodError'{0x0000000712a4a028}: 'int java.lang.invoke.DirectMethodHandle$Holder.invokeStatic(java.lang.Object, java.lang.Object, java.lang.Object, java.lang.Object, java.lang.Object)'> (0x0000000712a4a028) thrown at [./src/hotspot/share/interpreter/linkResolver.cpp, line 773]
Event: 1.623 Thread 0x000001f135a5e000 Exception <a 'java/lang/NoSuchMethodError'{0x0000000712a94e40}: 'java.lang.Object java.lang.invoke.DirectMethodHandle$Holder.invokeStatic(java.lang.Object, long, java.lang.Object, java.lang.Object)'> (0x0000000712a94e40) thrown at [./src/hotspot/share/interpreter/linkResolver.cpp, line 773]
Event: 1.743 Thread 0x000001f135a5e000 Exception <a 'java/lang/NoSuchMethodError'{0x00000007128a1468}: 'int java.lang.invoke.DirectMethodHandle$Holder.invokeStaticInit(java.lang.Object, java.lang.Object, java.lang.Object)'> (0x00000007128a1468) thrown at [./src/hotspot/share/interpreter/linkResolver.cpp, line 773]
Event: 1.787 Thread 0x000001f135a5e000 Implicit null exception at 0x000001f1474f7ffe to 0x000001f1474f8a64
Event: 1.788 Thread 0x000001f135a5e000 Implicit null exception at 0x000001f14746cf2f to 0x000001f14746cfad
Event: 1.821 Thread 0x000001f135a5e000 Exception <a 'java/lang/NoSuchMethodError'{0x00000007127d8648}: 'int java.lang.invoke.DirectMethodHandle$Holder.invokeInterface(java.lang.Object, java.lang.Object)'> (0x00000007127d8648) thrown at [./src/hotspot/share/interpreter/linkResolver.cpp, line 773]
Event: 1.822 Thread 0x000001f135a5e000 Exception <a 'java/lang/IncompatibleClassChangeError'{0x00000007127db3e0}: Found class java.lang.Object, but interface was expected> (0x00000007127db3e0) thrown at [./src/hotspot/share/interpreter/linkResolver.cpp, line 839]
Event: 1.865 Thread 0x000001f135a5e000 Exception <a 'java/lang/NoSuchMethodError'{0x00000007126ac640}: 'void java.lang.invoke.DirectMethodHandle$Holder.invokeStatic(java.lang.Object, java.lang.Object, java.lang.Object, java.lang.Object, java.lang.Object)'> (0x00000007126ac640) thrown at [./src/hotspot/share/interpreter/linkResolver.cpp, line 773]
Event: 2.285 Thread 0x000001f135a5e000 Exception <a 'java/lang/ClassNotFoundException'{0x000000071393c760}: java/lang/ClassLoader$ByteBuddyAccessor$LRJYvMar> (0x000000071393c760) thrown at [./src/hotspot/share/classfile/systemDictionary.cpp, line 230]
Event: 2.369 Thread 0x000001f135a5e000 Exception <a 'java/lang/NoSuchMethodError'{0x000000071352e2c0}: 'java.lang.Object java.lang.invoke.DirectMethodHandle$Holder.invokeVirtual(java.lang.Object, java.lang.Object, java.lang.Object)'> (0x000000071352e2c0) thrown at [./src/hotspot/share/interpreter/linkResolver.cpp, line 773]
Event: 2.573 Thread 0x000001f135a5e000 Exception <a 'java/lang/ClassNotFoundException'{0x0000000712bc5ef0}: com/sun/org/apache/xerces/internal/impl/msg/spi/SAXMessagesProvider> (0x0000000712bc5ef0) thrown at [./src/hotspot/share/classfile/systemDictionary.cpp, line 230]
Event: 2.610 Thread 0x000001f135a5e000 Exception <a 'java/lang/NoSuchMethodError'{0x000000071291d0d0}: 'java.lang.Object java.lang.invoke.DirectMethodHandle$Holder.invokeStatic(java.lang.Object, int, int, int, int)'> (0x000000071291d0d0) thrown at [./src/hotspot/share/interpreter/linkResolver.cpp, line 773]
Event: 2.610 Thread 0x000001f135a5e000 Exception <a 'java/lang/NoSuchMethodError'{0x00000007129201f8}: 'java.lang.Object java.lang.invoke.DirectMethodHandle$Holder.invokeStaticInit(java.lang.Object, int, int, int, int)'> (0x00000007129201f8) thrown at [./src/hotspot/share/interpreter/linkResolver.cpp, line 773]
Event: 2.830 Thread 0x000001f135a5e000 Exception <a 'java/lang/NoSuchMethodError'{0x00000007129c9798}: 'java.lang.Object java.lang.invoke.DirectMethodHandle$Holder.invokeStatic(java.lang.Object, java.lang.Object, int, int, int, int)'> (0x00000007129c9798) thrown at [./src/hotspot/share/interpreter/linkResolver.cpp, line 773]
Event: 2.831 Thread 0x000001f135a5e000 Exception <a 'java/lang/NoSuchMethodError'{0x00000007129ccaf0}: 'java.lang.Object java.lang.invoke.DirectMethodHandle$Holder.invokeStaticInit(java.lang.Object, java.lang.Object, int, int, int, int)'> (0x00000007129ccaf0) thrown at [./src/hotspot/share/interpreter/linkResolver.cpp, line 773]

Events (20 events):
Event: 2.889 loading class com/zebrunner/agent/core/registrar/TestRunRegistrar
Event: 2.889 loading class com/zebrunner/agent/core/registrar/TestRunRegistrar done
Event: 2.890 loading class com/zebrunner/agent/core/config/ConfigurationHolder
Event: 2.890 loading class com/zebrunner/agent/core/config/ConfigurationHolder done
Event: 2.891 loading class com/zebrunner/agent/core/config/ConfigurationProvidersChain
Event: 2.891 loading class com/zebrunner/agent/core/config/ConfigurationProvidersChain done
Event: 2.892 loading class com/zebrunner/agent/core/exception/TestAgentException
Event: 2.892 loading class com/zebrunner/agent/core/exception/TestAgentException done
Event: 2.893 loading class com/zebrunner/agent/core/config/provider/EnvironmentConfigurationProvider
Event: 2.893 loading class com/zebrunner/agent/core/config/provider/EnvironmentConfigurationProvider done
Event: 2.893 loading class com/zebrunner/agent/core/config/provider/SystemPropertiesConfigurationProvider
Event: 2.893 loading class com/zebrunner/agent/core/config/provider/SystemPropertiesConfigurationProvider done
Event: 2.894 loading class com/zebrunner/agent/core/config/provider/YamlConfigurationProvider
Event: 2.894 loading class com/zebrunner/agent/core/config/provider/YamlConfigurationProvider done
Event: 2.894 loading class org/yaml/snakeyaml/Yaml
Event: 2.894 loading class org/yaml/snakeyaml/Yaml done
Event: 2.895 loading class org/yaml/snakeyaml/constructor/BaseConstructor
Event: 2.895 loading class org/yaml/snakeyaml/constructor/BaseConstructor done
Event: 2.896 loading class org/yaml/snakeyaml/constructor/Constructor
Event: 2.896 loading class org/yaml/snakeyaml/constructor/Constructor done


Dynamic libraries:
0x00007ff6d89f0000 - 0x00007ff6d89fd000 	C:\Users\amirk\.jdks\temurin-11.0.15\bin\java.exe
0x00007ff954230000 - 0x00007ff954425000 	C:\Windows\SYSTEM32\ntdll.dll
0x00007ff953c20000 - 0x00007ff953cdd000 	C:\Windows\System32\KERNEL32.DLL
0x00007ff951d20000 - 0x00007ff951fed000 	C:\Windows\System32\KERNELBASE.dll
0x00007ff951c20000 - 0x00007ff951d20000 	C:\Windows\System32\ucrtbase.dll
0x00007ff94def0000 - 0x00007ff94df07000 	C:\Users\amirk\.jdks\temurin-11.0.15\bin\jli.dll
0x00007ff94de80000 - 0x00007ff94de95000 	C:\Users\amirk\.jdks\temurin-11.0.15\bin\VCRUNTIME140.dll
0x00007ff952ac0000 - 0x00007ff952c60000 	C:\Windows\System32\USER32.dll
0x00007ff951a40000 - 0x00007ff951a62000 	C:\Windows\System32\win32u.dll
0x00007ff9530e0000 - 0x00007ff95310a000 	C:\Windows\System32\GDI32.dll
0x00007ff951a70000 - 0x00007ff951b7b000 	C:\Windows\System32\gdi32full.dll
0x00007ff951b80000 - 0x00007ff951c1d000 	C:\Windows\System32\msvcp_win.dll
0x00007ff937c50000 - 0x00007ff937eea000 	C:\Windows\WinSxS\amd64_microsoft.windows.common-controls_6595b64144ccf1df_6.0.19041.1110_none_60b5254171f9507e\COMCTL32.dll
0x00007ff953da0000 - 0x00007ff953e3e000 	C:\Windows\System32\msvcrt.dll
0x00007ff9530b0000 - 0x00007ff9530e0000 	C:\Windows\System32\IMM32.DLL
0x00007ff94a4a0000 - 0x00007ff94a53b000 	C:\Users\amirk\.jdks\temurin-11.0.15\bin\msvcp140.dll
0x00007ff91b6a0000 - 0x00007ff91c221000 	C:\Users\amirk\.jdks\temurin-11.0.15\bin\server\jvm.dll
0x00007ff952e60000 - 0x00007ff952f0e000 	C:\Windows\System32\ADVAPI32.dll
0x00007ff952990000 - 0x00007ff952a2c000 	C:\Windows\System32\sechost.dll
0x00007ff952280000 - 0x00007ff9523a5000 	C:\Windows\System32\RPCRT4.dll
0x00007ff952500000 - 0x00007ff952508000 	C:\Windows\System32\PSAPI.DLL
0x00007ff94cd30000 - 0x00007ff94cd39000 	C:\Windows\SYSTEM32\WSOCK32.dll
0x00007ff94ee40000 - 0x00007ff94ee67000 	C:\Windows\SYSTEM32\WINMM.dll
0x00007ff952d90000 - 0x00007ff952dfb000 	C:\Windows\System32\WS2_32.dll
0x00007ff948c40000 - 0x00007ff948c4a000 	C:\Windows\SYSTEM32\VERSION.dll
0x00007ff9501d0000 - 0x00007ff9501e2000 	C:\Windows\SYSTEM32\kernel.appcore.dll
0x00007ff94df40000 - 0x00007ff94df50000 	C:\Users\amirk\.jdks\temurin-11.0.15\bin\verify.dll
0x00007ff94f530000 - 0x00007ff94f714000 	C:\Windows\SYSTEM32\DBGHELP.DLL
0x00007ff94ebe0000 - 0x00007ff94ec0c000 	C:\Windows\SYSTEM32\dbgcore.DLL
0x00007ff9519b0000 - 0x00007ff951a32000 	C:\Windows\System32\bcryptPrimitives.dll
0x00007ff94b080000 - 0x00007ff94b0a8000 	C:\Users\amirk\.jdks\temurin-11.0.15\bin\java.dll
0x00007ff94dee0000 - 0x00007ff94deea000 	C:\Users\amirk\.jdks\temurin-11.0.15\bin\jimage.dll
0x00007ff94a460000 - 0x00007ff94a498000 	C:\Users\amirk\.jdks\temurin-11.0.15\bin\jdwp.dll
0x00007ff94de70000 - 0x00007ff94de7e000 	C:\Users\amirk\.jdks\temurin-11.0.15\bin\instrument.dll
0x00007ff94b060000 - 0x00007ff94b078000 	C:\Users\amirk\.jdks\temurin-11.0.15\bin\zip.dll
0x00007ff953110000 - 0x00007ff953854000 	C:\Windows\System32\SHELL32.dll
0x00007ff94fa20000 - 0x00007ff9501b4000 	C:\Windows\SYSTEM32\windows.storage.dll
0x00007ff9538c0000 - 0x00007ff953c14000 	C:\Windows\System32\combase.dll
0x00007ff9513a0000 - 0x00007ff9513cc000 	C:\Windows\SYSTEM32\Wldp.dll
0x00007ff953cf0000 - 0x00007ff953d9d000 	C:\Windows\System32\SHCORE.dll
0x00007ff953860000 - 0x00007ff9538b5000 	C:\Windows\System32\shlwapi.dll
0x00007ff951880000 - 0x00007ff95189f000 	C:\Windows\SYSTEM32\profapi.dll
0x00007ff94afe0000 - 0x00007ff94afea000 	C:\Users\amirk\.jdks\temurin-11.0.15\bin\dt_socket.dll
0x00007ff951100000 - 0x00007ff95116a000 	C:\Windows\system32\mswsock.dll
0x00007ff94b030000 - 0x00007ff94b049000 	C:\Users\amirk\.jdks\temurin-11.0.15\bin\net.dll
0x00007ff94b890000 - 0x00007ff94b99a000 	C:\Windows\SYSTEM32\WINHTTP.dll
0x00007ff94b010000 - 0x00007ff94b023000 	C:\Users\amirk\.jdks\temurin-11.0.15\bin\nio.dll
0x00007ff94b000000 - 0x00007ff94b009000 	C:\Users\amirk\.jdks\temurin-11.0.15\bin\management.dll
0x00007ff94aff0000 - 0x00007ff94affb000 	C:\Users\amirk\.jdks\temurin-11.0.15\bin\management_ext.dll
0x00007ff8fdf60000 - 0x00007ff8fdf77000 	C:\Windows\system32\napinsp.dll
0x00007ff8ebc50000 - 0x00007ff8ebc6b000 	C:\Windows\system32\pnrpnsp.dll
0x00007ff94c620000 - 0x00007ff94c635000 	C:\Windows\system32\wshbth.dll
0x00007ff94cbb0000 - 0x00007ff94cbcd000 	C:\Windows\system32\NLAapi.dll
0x00007ff950da0000 - 0x00007ff950ddb000 	C:\Windows\SYSTEM32\IPHLPAPI.DLL
0x00007ff950de0000 - 0x00007ff950eab000 	C:\Windows\SYSTEM32\DNSAPI.dll
0x00007ff953ce0000 - 0x00007ff953ce8000 	C:\Windows\System32\NSI.dll
0x00007ff8ebc30000 - 0x00007ff8ebc42000 	C:\Windows\System32\winrnr.dll
0x00007ff9441e0000 - 0x00007ff9441ea000 	C:\Windows\System32\rasadhlp.dll
0x00007ff946430000 - 0x00007ff9464b0000 	C:\Windows\System32\fwpuclnt.dll
0x00007ff952150000 - 0x00007ff952177000 	C:\Windows\System32\bcrypt.dll
0x00007ff9512f0000 - 0x00007ff951308000 	C:\Windows\SYSTEM32\CRYPTSP.dll
0x00007ff950a10000 - 0x00007ff950a44000 	C:\Windows\system32\rsaenh.dll
0x00007ff951840000 - 0x00007ff95186e000 	C:\Windows\SYSTEM32\USERENV.dll
0x00007ff951310000 - 0x00007ff95131c000 	C:\Windows\SYSTEM32\CRYPTBASE.dll
0x00007ff948cb0000 - 0x00007ff948cc7000 	C:\Windows\SYSTEM32\dhcpcsvc6.DLL
0x00007ff948c90000 - 0x00007ff948cad000 	C:\Windows\SYSTEM32\dhcpcsvc.DLL

dbghelp: loaded successfully - version: 4.0.5 - missing functions: none
symbol engine: initialized successfully - sym options: 0x614 - pdb path: .;C:\Users\amirk\.jdks\temurin-11.0.15\bin;C:\Windows\SYSTEM32;C:\Windows\WinSxS\amd64_microsoft.windows.common-controls_6595b64144ccf1df_6.0.19041.1110_none_60b5254171f9507e;C:\Users\amirk\.jdks\temurin-11.0.15\bin\server

VM Arguments:
jvm_args: -agentlib:jdwp=transport=dt_socket,address=127.0.0.1:62659,suspend=y,server=n -ea -javaagent:C:\Users\amirk\IdeaProjects\DBXP-Comviva\target/agent/zebrunner-agent.jar -Didea.test.cyclic.buffer.size=1048576 -javaagent:C:\Users\amirk\AppData\Local\JetBrains\IdeaIC2021.3\captureAgent\debugger-agent.jar -Dfile.encoding=UTF-8 
java_command: com.intellij.rt.testng.RemoteTestNGStarter -usedefaultlisteners false -socket62658 @w@C:\Users\amirk\AppData\Local\Temp\idea_working_dirs_testng.tmp -temp C:\Users\amirk\AppData\Local\Temp\idea_testng.tmp
java_class_path (initial): C:\Program Files\JetBrains\IntelliJ IDEA Community Edition 2021.3.1\lib\idea_rt.jar;C:\Program Files\JetBrains\IntelliJ IDEA Community Edition 2021.3.1\plugins\testng\lib\testng-rt.jar;C:\Users\amirk\IdeaProjects\DBXP-Comviva\target\test-classes;C:\Users\amirk\IdeaProjects\DBXP-Comviva\target\classes;C:\Users\amirk\.m2\repository\com\qaprosoft\carina-dataprovider\7.3.20\carina-dataprovider-7.3.20.jar;C:\Users\amirk\.m2\repository\com\qaprosoft\carina-core\7.3.20\carina-core-7.3.20.jar;C:\Users\amirk\.m2\repository\org\testng\testng\7.6.0\testng-7.6.0.jar;C:\Users\amirk\.m2\repository\com\zebrunner\agent-testng\1.6.6\agent-testng-1.6.6.jar;C:\Users\amirk\.m2\repository\org\slf4j\slf4j-api\1.7.30\slf4j-api-1.7.30.jar;C:\Users\amirk\.m2\repository\org\apache\logging\log4j\log4j-api\2.17.1\log4j-api-2.17.1.jar;C:\Users\amirk\.m2\repository\org\apache\logging\log4j\log4j-core\2.17.1\log4j-core-2.17.1.jar;C:\Users\amirk\.m2\repository\net\bytebuddy\byte-buddy\1.10.18\byte-buddy-1.10.18.jar;C:\Users\amirk\.m2\repository\org\mybatis\mybatis\3.5.6\mybatis-3.5.6.jar;C:\Users\amirk\.m2\repository\org\postgresql\postgresql\42.3.3\postgresql-42.3.3.jar;C:\Users\amirk\.m2\repository\com\qaprosoft\carina-commons\7.3.20\carina-commons-7.3.20.jar;C:\Users\amirk\.m2\repository\com\qaprosoft\carina-utils\7.3.20\carina-utils-7.3.20.jar;C:\Users\amirk\.m2\repository\net\sf\opencsv\opencsv\1.7\opencsv-1.7.jar;C:\Users\amirk\.m2\repository\org\apache\poi\poi-ooxml\4.1.2\poi-ooxml-4.1.2.jar;C:\Users\amirk\.m2\repository\org\apache\commons\commons-lang3\3.5\commons-lang3-3.5.jar;C:\Users\amirk\.m2\repository\com\qaprosoft\carina-api\7.3.20\carina-api-7.3.20.jar;C:\Users\amirk\.m2\repository\com\qaprosoft\carina-reporting\7.3.20\carina-reporting-7.3.20.jar;C:\Users\amirk\.m2\repository\com\qaprosoft\carina-webdriver\7.3.20\carina-webdriver-7.3.20.jar;C:\Users\amirk\.m2\repository\com\qaprosoft\carina-appcenter\7.3.20\carina-appcenter-7.3.20.jar;C:\Users\amirk\.m2
Launcher Type: SUN_STANDARD

[Global flags]
     intx CICompilerCount                          = 4                                         {product} {ergonomic}
     uint ConcGCThreads                            = 2                                         {product} {ergonomic}
     uint G1ConcRefinementThreads                  = 8                                         {product} {ergonomic}
   size_t G1HeapRegionSize                         = 1048576                                   {product} {ergonomic}
    uintx GCDrainStackTargetSize                   = 64                                        {product} {ergonomic}
   size_t InitialHeapSize                          = 264241152                                 {product} {ergonomic}
   size_t MarkStackSize                            = 4194304                                   {product} {ergonomic}
   size_t MaxHeapSize                              = 4227858432                                {product} {ergonomic}
   size_t MaxNewSize                               = 2536505344                                {product} {ergonomic}
   size_t MinHeapDeltaBytes                        = 1048576                                   {product} {ergonomic}
    uintx NonNMethodCodeHeapSize                   = 5836300                                {pd product} {ergonomic}
    uintx NonProfiledCodeHeapSize                  = 122910970                              {pd product} {ergonomic}
    uintx ProfiledCodeHeapSize                     = 122910970                              {pd product} {ergonomic}
    uintx ReservedCodeCacheSize                    = 251658240                              {pd product} {ergonomic}
     bool SegmentedCodeCache                       = true                                      {product} {ergonomic}
     bool UseCompressedClassPointers               = true                                 {lp64_product} {ergonomic}
     bool UseCompressedOops                        = true                                 {lp64_product} {ergonomic}
     bool UseG1GC                                  = true                                      {product} {ergonomic}
     bool UseLargePagesIndividualAllocation        = false                                  {pd product} {ergonomic}

Logging:
Log output configuration:
 #0: stdout all=warning uptime,level,tags
 #1: stderr all=off uptime,level,tags

Environment Variables:
JAVA_HOME=C:\Program Files\Java\jdk1.8.0_221
PATH=C:\Python310\Scripts\;C:\Python310\;C:\Windows\system32;C:\Windows;C:\Windows\System32\Wbem;C:\Windows\System32\WindowsPowerShell\v1.0\;C:\Windows\System32\OpenSSH\;C:\Program Files\dotnet\;C:\Program Files\Git\cmd;C:\Program Files\nodejs\;C:\ProgramData\chocolatey\bin;C:\Users\amirk\apache-maven-3.8.5\bin;C:\Users\amirk\AppData\Local\Android\Sdk\platform-tools;C:\Users\amirk\AppData\Local\Android\Sdk\tools;C:\Users\amirk\AppData\Local\Android\Sdk\platform;C:\Users\amirk\AppData\Local\Android\Sdk\build-tools;%JAVA_HOME\bin;C:\Users\amirk\node;C:\Program Files\Git\cmd;C:\Users\amirk\AppData\Local\Android\Sdk\tools\bin;C:\Users\amirk\AppData\Local\Microsoft\WindowsApps;C:\Users\amirk\AppData\Roaming\npm;C:\Program Files\Java\jdk1.8.0_221\bin;C:\Users\amirk\node;
USERNAME=amirk
OS=Windows_NT
PROCESSOR_IDENTIFIER=Intel64 Family 6 Model 140 Stepping 1, GenuineIntel



---------------  S Y S T E M  ---------------

OS: Windows 10 , 64 bit Build 19041 (10.0.19041.1706)
OS uptime: 0 days 18:17 hours

CPU:total 8 (initial active 8) (4 cores per cpu, 2 threads per core) family 6 model 140 stepping 1 microcode 0xa4, cmov, cx8, fxsr, mmx, sse, sse2, sse3, ssse3, sse4.1, sse4.2, popcnt, avx, avx2, aes, clmul, erms, 3dnowpref, lzcnt, ht, tsc, tscinvbit, bmi1, bmi2, adx, evex, sha, fma

Memory: 4k page, system-wide physical 16126M (671M free)
TotalPageFile size 46573M (AvailPageFile size 2M)
current process WorkingSet (physical memory assigned to process): 168M, peak: 168M
current process commit charge ("private bytes"): 406M, peak: 406M

vm_info: OpenJDK 64-Bit Server VM (11.0.15+10) for windows-amd64 JRE (11.0.15+10), built on Apr 19 2022 22:29:44 by "" with unknown MS VC++:1916

END.
