#
# There is insufficient memory for the Java Runtime Environment to continue.
# Native memory allocation (malloc) failed to allocate 1190896 bytes for Chunk::new
# Possible reasons:
#   The system is out of physical RAM or swap space
#   The process is running with CompressedOops enabled, and the Java Heap may be blocking the growth of the native heap
# Possible solutions:
#   Reduce memory load on the system
#   Increase physical memory or swap space
#   Check if swap backing store is full
#   Decrease Java heap size (-Xmx/-Xms)
#   Decrease number of Java threads
#   Decrease Java thread stack sizes (-Xss)
#   Set larger code cache with -XX:ReservedCodeCacheSize=
#   JVM is running with Zero Based Compressed Oops mode in which the Java heap is
#     placed in the first 32GB address space. The Java Heap base address is the
#     maximum limit for the native heap growth. Please use -XX:HeapBaseMinAddress
#     to set the Java Heap base and to place the Java Heap above 32GB virtual address.
# This output file may be truncated or incomplete.
#
#  Out of Memory Error (./src/hotspot/share/memory/arena.cpp:197), pid=5600, tid=14592
#
# JRE version: OpenJDK Runtime Environment Temurin-11.0.15+10 (11.0.15+10) (build 11.0.15+10)
# Java VM: OpenJDK 64-Bit Server VM Temurin-11.0.15+10 (11.0.15+10, mixed mode, tiered, compressed oops, g1 gc, windows-amd64)
# No core dump will be written. Minidumps are not enabled by default on client versions of Windows
#

---------------  S U M M A R Y ------------

Command Line: -ea -javaagent:C:\Users\amirk\IdeaProjects\DBXP-Comviva\target/agent/zebrunner-agent.jar -Didea.test.cyclic.buffer.size=1048576 -javaagent:C:\Program Files\JetBrains\IntelliJ IDEA Community Edition 2021.3.1\lib\idea_rt.jar=62718:C:\Program Files\JetBrains\IntelliJ IDEA Community Edition 2021.3.1\bin -Dfile.encoding=UTF-8 com.intellij.rt.testng.RemoteTestNGStarter -usedefaultlisteners false -socket62717 @w@C:\Users\amirk\AppData\Local\Temp\idea_working_dirs_testng.tmp -temp C:\Users\amirk\AppData\Local\Temp\idea_testng.tmp

Host: 11th Gen Intel(R) Core(TM) i5-1135G7 @ 2.40GHz, 8 cores, 15G,  Windows 10 , 64 bit Build 19041 (10.0.19041.1706)
Time: Wed Jun 15 07:01:24 2022 India Standard Time elapsed time: 2.209172 seconds (0d 0h 0m 2s)

---------------  T H R E A D  ---------------

Current thread (0x000001a96318d000):  JavaThread "C2 CompilerThread0" daemon [_thread_in_native, id=14592, stack(0x0000006fff500000,0x0000006fff600000)]


Current CompileTask:
C2:   2209 2114   !   4       jdk.internal.loader.URLClassPath$JarLoader::getResource (353 bytes)

Stack: [0x0000006fff500000,0x0000006fff600000]
Native frames: (J=compiled Java code, j=interpreted, Vv=VM code, C=native code)
V  [jvm.dll+0x61e72a]
V  [jvm.dll+0x7aae49]
V  [jvm.dll+0x7ac538]
V  [jvm.dll+0x7acc13]
V  [jvm.dll+0x24fb28]
V  [jvm.dll+0xc262c]
V  [jvm.dll+0xc2bec]
V  [jvm.dll+0x2c19a4]
V  [jvm.dll+0x52d9b9]
V  [jvm.dll+0x21113d]
V  [jvm.dll+0x20ada4]
V  [jvm.dll+0x207e3b]
V  [jvm.dll+0x18a361]
V  [jvm.dll+0x2178a4]
V  [jvm.dll+0x215aeb]
V  [jvm.dll+0x76d950]
V  [jvm.dll+0x7668b4]
V  [jvm.dll+0x61d586]
C  [ucrtbase.dll+0x21bb2]
C  [KERNEL32.DLL+0x17034]
C  [ntdll.dll+0x52651]


---------------  P R O C E S S  ---------------

Threads class SMR info:
_java_thread_list=0x000001a964bcd5a0, length=12, elements={
0x000001a93cd9c800, 0x000001a963141800, 0x000001a962882000, 0x000001a963183800,
0x000001a963186800, 0x000001a963189000, 0x000001a96318d000, 0x000001a963193800,
0x000001a9631a7000, 0x000001a963427000, 0x000001a96536e800, 0x000001a966ffb000
}

Java Threads: ( => current thread )
  0x000001a93cd9c800 JavaThread "main" [_thread_in_Java, id=1944, stack(0x0000006ffe900000,0x0000006ffea00000)]
  0x000001a963141800 JavaThread "Reference Handler" daemon [_thread_blocked, id=14324, stack(0x0000006fff000000,0x0000006fff100000)]
  0x000001a962882000 JavaThread "Finalizer" daemon [_thread_blocked, id=13328, stack(0x0000006fff100000,0x0000006fff200000)]
  0x000001a963183800 JavaThread "Signal Dispatcher" daemon [_thread_blocked, id=3536, stack(0x0000006fff200000,0x0000006fff300000)]
  0x000001a963186800 JavaThread "Attach Listener" daemon [_thread_blocked, id=14216, stack(0x0000006fff300000,0x0000006fff400000)]
  0x000001a963189000 JavaThread "Service Thread" daemon [_thread_blocked, id=14744, stack(0x0000006fff400000,0x0000006fff500000)]
=>0x000001a96318d000 JavaThread "C2 CompilerThread0" daemon [_thread_in_native, id=14592, stack(0x0000006fff500000,0x0000006fff600000)]
  0x000001a963193800 JavaThread "C1 CompilerThread0" daemon [_thread_blocked, id=12200, stack(0x0000006fff600000,0x0000006fff700000)]
  0x000001a9631a7000 JavaThread "Sweeper thread" daemon [_thread_blocked, id=12488, stack(0x0000006fff700000,0x0000006fff800000)]
  0x000001a963427000 JavaThread "Common-Cleaner" daemon [_thread_blocked, id=1968, stack(0x0000006fff800000,0x0000006fff900000)]
  0x000001a96536e800 JavaThread "Monitor Ctrl-Break" daemon [_thread_in_native, id=2440, stack(0x0000006f80100000,0x0000006f80200000)]
  0x000001a966ffb000 JavaThread "C2 CompilerThread1" daemon [_thread_in_native, id=8868, stack(0x0000006f80300000,0x0000006f80400000)]

Other Threads:
  0x000001a962880000 VMThread "VM Thread" [stack: 0x0000006ffef00000,0x0000006fff000000] [id=9576]
  0x000001a96536f000 WatcherThread [stack: 0x0000006f80200000,0x0000006f80300000] [id=2580]
  0x000001a93cdb5000 GCTaskThread "GC Thread#0" [stack: 0x0000006ffea00000,0x0000006ffeb00000] [id=16508]
  0x000001a96419a800 GCTaskThread "GC Thread#1" [stack: 0x0000006fffa00000,0x0000006fffb00000] [id=500]
  0x000001a963d6d800 GCTaskThread "GC Thread#2" [stack: 0x0000006fffb00000,0x0000006fffc00000] [id=14144]
  0x000001a963d4a800 GCTaskThread "GC Thread#3" [stack: 0x0000006fffc00000,0x0000006fffd00000] [id=1628]
  0x000001a963d3b800 GCTaskThread "GC Thread#4" [stack: 0x0000006fffd00000,0x0000006fffe00000] [id=16796]
  0x000001a963e6e800 GCTaskThread "GC Thread#5" [stack: 0x0000006fffe00000,0x0000006ffff00000] [id=16484]
  0x000001a93ce10800 ConcurrentGCThread "G1 Main Marker" [stack: 0x0000006ffeb00000,0x0000006ffec00000] [id=14020]
  0x000001a93ce12800 ConcurrentGCThread "G1 Conc#0" [stack: 0x0000006ffec00000,0x0000006ffed00000] [id=17916]
  0x000001a966fc9000 ConcurrentGCThread "G1 Conc#1" [stack: 0x0000006f80000000,0x0000006f80100000] [id=9108]
  0x000001a962762800 ConcurrentGCThread "G1 Refine#0" [stack: 0x0000006ffed00000,0x0000006ffee00000] [id=17596]
  0x000001a962763800 ConcurrentGCThread "G1 Young RemSet Sampling" [stack: 0x0000006ffee00000,0x0000006ffef00000] [id=13976]

Threads with active compile tasks:
C2 CompilerThread0     2217 2114   !   4       jdk.internal.loader.URLClassPath$JarLoader::getResource (353 bytes)
C2 CompilerThread1     2218 2173       4       java.lang.invoke.MethodType::hashCode (53 bytes)

VM state:not at safepoint (normal execution)

VM Mutex/Monitor currently owned by a thread: None

Heap address: 0x0000000704000000, size: 4032 MB, Compressed Oops mode: Zero based, Oop shift amount: 3
Narrow klass base: 0x0000000800000000, Narrow klass shift: 0
Compressed class space size: 1073741824 Address: 0x0000000800000000

Heap:
 garbage-first heap   total 258048K, used 17482K [0x0000000704000000, 0x0000000800000000)
  region size 1024K, 6 young (6144K), 2 survivors (2048K)
 Metaspace       used 25040K, capacity 25563K, committed 25776K, reserved 1071104K
  class space    used 3016K, capacity 3221K, committed 3328K, reserved 1048576K
Heap Regions: E=young(eden), S=young(survivor), O=old, HS=humongous(starts), HC=humongous(continues), CS=collection set, F=free, A=archive, TAMS=top-at-mark-start (previous, next)
|   0|0x0000000704000000, 0x0000000704100000, 0x0000000704100000|100%|HS|  |TAMS 0x0000000704100000, 0x0000000704000000| Complete 
|   1|0x0000000704100000, 0x0000000704200000, 0x0000000704200000|100%| O|  |TAMS 0x0000000704200000, 0x0000000704100000| Untracked 
|   2|0x0000000704200000, 0x0000000704300000, 0x0000000704300000|100%| O|  |TAMS 0x0000000704300000, 0x0000000704200000| Untracked 
|   3|0x0000000704300000, 0x0000000704400000, 0x0000000704400000|100%| O|  |TAMS 0x0000000704400000, 0x0000000704300000| Untracked 
|   4|0x0000000704400000, 0x0000000704500000, 0x0000000704500000|100%| O|  |TAMS 0x0000000704500000, 0x0000000704400000| Untracked 
|   5|0x0000000704500000, 0x0000000704600000, 0x0000000704600000|100%| O|  |TAMS 0x0000000704600000, 0x0000000704500000| Untracked 
|   6|0x0000000704600000, 0x0000000704700000, 0x0000000704700000|100%| O|  |TAMS 0x0000000704700000, 0x0000000704600000| Untracked 
|   7|0x0000000704700000, 0x0000000704800000, 0x0000000704800000|100%| O|  |TAMS 0x0000000704754600, 0x0000000704700000| Untracked 
|   8|0x0000000704800000, 0x0000000704900000, 0x0000000704900000|100%| O|  |TAMS 0x0000000704800000, 0x0000000704800000| Untracked 
|   9|0x0000000704900000, 0x0000000704a00000, 0x0000000704a00000|100%| O|  |TAMS 0x0000000704900000, 0x0000000704900000| Untracked 
|  10|0x0000000704a00000, 0x0000000704b00000, 0x0000000704b00000|100%| O|  |TAMS 0x0000000704a00000, 0x0000000704a00000| Untracked 
|  11|0x0000000704b00000, 0x0000000704c00000, 0x0000000704c00000|100%| O|  |TAMS 0x0000000704b00000, 0x0000000704b00000| Untracked 
|  12|0x0000000704c00000, 0x0000000704cdb800, 0x0000000704d00000| 85%| O|  |TAMS 0x0000000704c00000, 0x0000000704c00000| Untracked 
|  13|0x0000000704d00000, 0x0000000704d00000, 0x0000000704e00000|  0%| F|  |TAMS 0x0000000704d00000, 0x0000000704d00000| Untracked 
|  14|0x0000000704e00000, 0x0000000704e00000, 0x0000000704f00000|  0%| F|  |TAMS 0x0000000704e00000, 0x0000000704e00000| Untracked 
|  15|0x0000000704f00000, 0x0000000704f00000, 0x0000000705000000|  0%| F|  |TAMS 0x0000000704f00000, 0x0000000704f00000| Untracked 
|  16|0x0000000705000000, 0x0000000705000000, 0x0000000705100000|  0%| F|  |TAMS 0x0000000705000000, 0x0000000705000000| Untracked 
|  17|0x0000000705100000, 0x0000000705100000, 0x0000000705200000|  0%| F|  |TAMS 0x0000000705100000, 0x0000000705100000| Untracked 
|  18|0x0000000705200000, 0x0000000705200000, 0x0000000705300000|  0%| F|  |TAMS 0x0000000705200000, 0x0000000705200000| Untracked 
|  19|0x0000000705300000, 0x0000000705300000, 0x0000000705400000|  0%| F|  |TAMS 0x0000000705300000, 0x0000000705300000| Untracked 
|  20|0x0000000705400000, 0x0000000705400000, 0x0000000705500000|  0%| F|  |TAMS 0x0000000705400000, 0x0000000705400000| Untracked 
|  21|0x0000000705500000, 0x0000000705500000, 0x0000000705600000|  0%| F|  |TAMS 0x0000000705500000, 0x0000000705500000| Untracked 
|  22|0x0000000705600000, 0x0000000705600000, 0x0000000705700000|  0%| F|  |TAMS 0x0000000705600000, 0x0000000705600000| Untracked 
|  23|0x0000000705700000, 0x0000000705700000, 0x0000000705800000|  0%| F|  |TAMS 0x0000000705700000, 0x0000000705700000| Untracked 
|  24|0x0000000705800000, 0x0000000705800000, 0x0000000705900000|  0%| F|  |TAMS 0x0000000705800000, 0x0000000705800000| Untracked 
|  25|0x0000000705900000, 0x0000000705900000, 0x0000000705a00000|  0%| F|  |TAMS 0x0000000705900000, 0x0000000705900000| Untracked 
|  26|0x0000000705a00000, 0x0000000705a00000, 0x0000000705b00000|  0%| F|  |TAMS 0x0000000705a00000, 0x0000000705a00000| Untracked 
|  27|0x0000000705b00000, 0x0000000705b00000, 0x0000000705c00000|  0%| F|  |TAMS 0x0000000705b00000, 0x0000000705b00000| Untracked 
|  28|0x0000000705c00000, 0x0000000705c00000, 0x0000000705d00000|  0%| F|  |TAMS 0x0000000705c00000, 0x0000000705c00000| Untracked 
|  29|0x0000000705d00000, 0x0000000705d00000, 0x0000000705e00000|  0%| F|  |TAMS 0x0000000705d00000, 0x0000000705d00000| Untracked 
|  30|0x0000000705e00000, 0x0000000705e00000, 0x0000000705f00000|  0%| F|  |TAMS 0x0000000705e00000, 0x0000000705e00000| Untracked 
|  31|0x0000000705f00000, 0x0000000705f00000, 0x0000000706000000|  0%| F|  |TAMS 0x0000000705f00000, 0x0000000705f00000| Untracked 
|  32|0x0000000706000000, 0x0000000706000000, 0x0000000706100000|  0%| F|  |TAMS 0x0000000706000000, 0x0000000706000000| Untracked 
|  33|0x0000000706100000, 0x0000000706100000, 0x0000000706200000|  0%| F|  |TAMS 0x0000000706100000, 0x0000000706100000| Untracked 
|  34|0x0000000706200000, 0x0000000706200000, 0x0000000706300000|  0%| F|  |TAMS 0x0000000706200000, 0x0000000706200000| Untracked 
|  35|0x0000000706300000, 0x0000000706300000, 0x0000000706400000|  0%| F|  |TAMS 0x0000000706300000, 0x0000000706300000| Untracked 
|  36|0x0000000706400000, 0x0000000706400000, 0x0000000706500000|  0%| F|  |TAMS 0x0000000706400000, 0x0000000706400000| Untracked 
|  37|0x0000000706500000, 0x0000000706500000, 0x0000000706600000|  0%| F|  |TAMS 0x0000000706500000, 0x0000000706500000| Untracked 
|  38|0x0000000706600000, 0x0000000706600000, 0x0000000706700000|  0%| F|  |TAMS 0x0000000706600000, 0x0000000706600000| Untracked 
|  39|0x0000000706700000, 0x0000000706700000, 0x0000000706800000|  0%| F|  |TAMS 0x0000000706700000, 0x0000000706700000| Untracked 
|  40|0x0000000706800000, 0x0000000706800000, 0x0000000706900000|  0%| F|  |TAMS 0x0000000706800000, 0x0000000706800000| Untracked 
|  41|0x0000000706900000, 0x0000000706900000, 0x0000000706a00000|  0%| F|  |TAMS 0x0000000706900000, 0x0000000706900000| Untracked 
|  42|0x0000000706a00000, 0x0000000706a00000, 0x0000000706b00000|  0%| F|  |TAMS 0x0000000706a00000, 0x0000000706a00000| Untracked 
|  43|0x0000000706b00000, 0x0000000706b00000, 0x0000000706c00000|  0%| F|  |TAMS 0x0000000706b00000, 0x0000000706b00000| Untracked 
|  44|0x0000000706c00000, 0x0000000706c00000, 0x0000000706d00000|  0%| F|  |TAMS 0x0000000706c00000, 0x0000000706c00000| Untracked 
|  45|0x0000000706d00000, 0x0000000706d00000, 0x0000000706e00000|  0%| F|  |TAMS 0x0000000706d00000, 0x0000000706d00000| Untracked 
|  46|0x0000000706e00000, 0x0000000706e00000, 0x0000000706f00000|  0%| F|  |TAMS 0x0000000706e00000, 0x0000000706e00000| Untracked 
|  47|0x0000000706f00000, 0x0000000706f00000, 0x0000000707000000|  0%| F|  |TAMS 0x0000000706f00000, 0x0000000706f00000| Untracked 
|  48|0x0000000707000000, 0x0000000707000000, 0x0000000707100000|  0%| F|  |TAMS 0x0000000707000000, 0x0000000707000000| Untracked 
|  49|0x0000000707100000, 0x0000000707100000, 0x0000000707200000|  0%| F|  |TAMS 0x0000000707100000, 0x0000000707100000| Untracked 
|  50|0x0000000707200000, 0x0000000707200000, 0x0000000707300000|  0%| F|  |TAMS 0x0000000707200000, 0x0000000707200000| Untracked 
|  51|0x0000000707300000, 0x0000000707300000, 0x0000000707400000|  0%| F|  |TAMS 0x0000000707300000, 0x0000000707300000| Untracked 
|  52|0x0000000707400000, 0x0000000707400000, 0x0000000707500000|  0%| F|  |TAMS 0x0000000707400000, 0x0000000707400000| Untracked 
|  53|0x0000000707500000, 0x0000000707500000, 0x0000000707600000|  0%| F|  |TAMS 0x0000000707500000, 0x0000000707500000| Untracked 
|  54|0x0000000707600000, 0x0000000707600000, 0x0000000707700000|  0%| F|  |TAMS 0x0000000707600000, 0x0000000707600000| Untracked 
|  55|0x0000000707700000, 0x0000000707700000, 0x0000000707800000|  0%| F|  |TAMS 0x0000000707700000, 0x0000000707700000| Untracked 
|  56|0x0000000707800000, 0x0000000707800000, 0x0000000707900000|  0%| F|  |TAMS 0x0000000707800000, 0x0000000707800000| Untracked 
|  57|0x0000000707900000, 0x0000000707900000, 0x0000000707a00000|  0%| F|  |TAMS 0x0000000707900000, 0x0000000707900000| Untracked 
|  58|0x0000000707a00000, 0x0000000707a00000, 0x0000000707b00000|  0%| F|  |TAMS 0x0000000707a00000, 0x0000000707a00000| Untracked 
|  59|0x0000000707b00000, 0x0000000707b00000, 0x0000000707c00000|  0%| F|  |TAMS 0x0000000707b00000, 0x0000000707b00000| Untracked 
|  60|0x0000000707c00000, 0x0000000707c00000, 0x0000000707d00000|  0%| F|  |TAMS 0x0000000707c00000, 0x0000000707c00000| Untracked 
|  61|0x0000000707d00000, 0x0000000707d00000, 0x0000000707e00000|  0%| F|  |TAMS 0x0000000707d00000, 0x0000000707d00000| Untracked 
|  62|0x0000000707e00000, 0x0000000707e00000, 0x0000000707f00000|  0%| F|  |TAMS 0x0000000707e00000, 0x0000000707e00000| Untracked 
|  63|0x0000000707f00000, 0x0000000707f00000, 0x0000000708000000|  0%| F|  |TAMS 0x0000000707f00000, 0x0000000707f00000| Untracked 
|  64|0x0000000708000000, 0x0000000708000000, 0x0000000708100000|  0%| F|  |TAMS 0x0000000708000000, 0x0000000708000000| Untracked 
|  65|0x0000000708100000, 0x0000000708100000, 0x0000000708200000|  0%| F|  |TAMS 0x0000000708100000, 0x0000000708100000| Untracked 
|  66|0x0000000708200000, 0x0000000708200000, 0x0000000708300000|  0%| F|  |TAMS 0x0000000708200000, 0x0000000708200000| Untracked 
|  67|0x0000000708300000, 0x0000000708300000, 0x0000000708400000|  0%| F|  |TAMS 0x0000000708300000, 0x0000000708300000| Untracked 
|  68|0x0000000708400000, 0x0000000708400000, 0x0000000708500000|  0%| F|  |TAMS 0x0000000708400000, 0x0000000708400000| Untracked 
|  69|0x0000000708500000, 0x0000000708500000, 0x0000000708600000|  0%| F|  |TAMS 0x0000000708500000, 0x0000000708500000| Untracked 
|  70|0x0000000708600000, 0x0000000708600000, 0x0000000708700000|  0%| F|  |TAMS 0x0000000708600000, 0x0000000708600000| Untracked 
|  71|0x0000000708700000, 0x0000000708700000, 0x0000000708800000|  0%| F|  |TAMS 0x0000000708700000, 0x0000000708700000| Untracked 
|  72|0x0000000708800000, 0x0000000708800000, 0x0000000708900000|  0%| F|  |TAMS 0x0000000708800000, 0x0000000708800000| Untracked 
|  73|0x0000000708900000, 0x0000000708900000, 0x0000000708a00000|  0%| F|  |TAMS 0x0000000708900000, 0x0000000708900000| Untracked 
|  74|0x0000000708a00000, 0x0000000708a00000, 0x0000000708b00000|  0%| F|  |TAMS 0x0000000708a00000, 0x0000000708a00000| Untracked 
|  75|0x0000000708b00000, 0x0000000708b00000, 0x0000000708c00000|  0%| F|  |TAMS 0x0000000708b00000, 0x0000000708b00000| Untracked 
|  76|0x0000000708c00000, 0x0000000708c00000, 0x0000000708d00000|  0%| F|  |TAMS 0x0000000708c00000, 0x0000000708c00000| Untracked 
|  77|0x0000000708d00000, 0x0000000708d00000, 0x0000000708e00000|  0%| F|  |TAMS 0x0000000708d00000, 0x0000000708d00000| Untracked 
|  78|0x0000000708e00000, 0x0000000708e00000, 0x0000000708f00000|  0%| F|  |TAMS 0x0000000708e00000, 0x0000000708e00000| Untracked 
|  79|0x0000000708f00000, 0x0000000708f00000, 0x0000000709000000|  0%| F|  |TAMS 0x0000000708f00000, 0x0000000708f00000| Untracked 
|  80|0x0000000709000000, 0x0000000709000000, 0x0000000709100000|  0%| F|  |TAMS 0x0000000709000000, 0x0000000709000000| Untracked 
|  81|0x0000000709100000, 0x0000000709100000, 0x0000000709200000|  0%| F|  |TAMS 0x0000000709100000, 0x0000000709100000| Untracked 
|  82|0x0000000709200000, 0x0000000709200000, 0x0000000709300000|  0%| F|  |TAMS 0x0000000709200000, 0x0000000709200000| Untracked 
|  83|0x0000000709300000, 0x0000000709300000, 0x0000000709400000|  0%| F|  |TAMS 0x0000000709300000, 0x0000000709300000| Untracked 
|  84|0x0000000709400000, 0x0000000709400000, 0x0000000709500000|  0%| F|  |TAMS 0x0000000709400000, 0x0000000709400000| Untracked 
|  85|0x0000000709500000, 0x0000000709500000, 0x0000000709600000|  0%| F|  |TAMS 0x0000000709500000, 0x0000000709500000| Untracked 
|  86|0x0000000709600000, 0x0000000709600000, 0x0000000709700000|  0%| F|  |TAMS 0x0000000709600000, 0x0000000709600000| Untracked 
|  87|0x0000000709700000, 0x0000000709700000, 0x0000000709800000|  0%| F|  |TAMS 0x0000000709700000, 0x0000000709700000| Untracked 
|  88|0x0000000709800000, 0x0000000709800000, 0x0000000709900000|  0%| F|  |TAMS 0x0000000709800000, 0x0000000709800000| Untracked 
|  89|0x0000000709900000, 0x0000000709900000, 0x0000000709a00000|  0%| F|  |TAMS 0x0000000709900000, 0x0000000709900000| Untracked 
|  90|0x0000000709a00000, 0x0000000709a00000, 0x0000000709b00000|  0%| F|  |TAMS 0x0000000709a00000, 0x0000000709a00000| Untracked 
|  91|0x0000000709b00000, 0x0000000709b00000, 0x0000000709c00000|  0%| F|  |TAMS 0x0000000709b00000, 0x0000000709b00000| Untracked 
|  92|0x0000000709c00000, 0x0000000709c00000, 0x0000000709d00000|  0%| F|  |TAMS 0x0000000709c00000, 0x0000000709c00000| Untracked 
|  93|0x0000000709d00000, 0x0000000709d00000, 0x0000000709e00000|  0%| F|  |TAMS 0x0000000709d00000, 0x0000000709d00000| Untracked 
|  94|0x0000000709e00000, 0x0000000709e00000, 0x0000000709f00000|  0%| F|  |TAMS 0x0000000709e00000, 0x0000000709e00000| Untracked 
|  95|0x0000000709f00000, 0x0000000709f00000, 0x000000070a000000|  0%| F|  |TAMS 0x0000000709f00000, 0x0000000709f00000| Untracked 
|  96|0x000000070a000000, 0x000000070a000000, 0x000000070a100000|  0%| F|  |TAMS 0x000000070a000000, 0x000000070a000000| Untracked 
|  97|0x000000070a100000, 0x000000070a100000, 0x000000070a200000|  0%| F|  |TAMS 0x000000070a100000, 0x000000070a100000| Untracked 
|  98|0x000000070a200000, 0x000000070a200000, 0x000000070a300000|  0%| F|  |TAMS 0x000000070a200000, 0x000000070a200000| Untracked 
|  99|0x000000070a300000, 0x000000070a300000, 0x000000070a400000|  0%| F|  |TAMS 0x000000070a300000, 0x000000070a300000| Untracked 
| 100|0x000000070a400000, 0x000000070a400000, 0x000000070a500000|  0%| F|  |TAMS 0x000000070a400000, 0x000000070a400000| Untracked 
| 101|0x000000070a500000, 0x000000070a500000, 0x000000070a600000|  0%| F|  |TAMS 0x000000070a500000, 0x000000070a500000| Untracked 
| 102|0x000000070a600000, 0x000000070a600000, 0x000000070a700000|  0%| F|  |TAMS 0x000000070a600000, 0x000000070a600000| Untracked 
| 103|0x000000070a700000, 0x000000070a700000, 0x000000070a800000|  0%| F|  |TAMS 0x000000070a700000, 0x000000070a700000| Untracked 
| 104|0x000000070a800000, 0x000000070a800000, 0x000000070a900000|  0%| F|  |TAMS 0x000000070a800000, 0x000000070a800000| Untracked 
| 105|0x000000070a900000, 0x000000070a900000, 0x000000070aa00000|  0%| F|  |TAMS 0x000000070a900000, 0x000000070a900000| Untracked 
| 106|0x000000070aa00000, 0x000000070aa00000, 0x000000070ab00000|  0%| F|  |TAMS 0x000000070aa00000, 0x000000070aa00000| Untracked 
| 107|0x000000070ab00000, 0x000000070ab00000, 0x000000070ac00000|  0%| F|  |TAMS 0x000000070ab00000, 0x000000070ab00000| Untracked 
| 108|0x000000070ac00000, 0x000000070ac00000, 0x000000070ad00000|  0%| F|  |TAMS 0x000000070ac00000, 0x000000070ac00000| Untracked 
| 109|0x000000070ad00000, 0x000000070ad00000, 0x000000070ae00000|  0%| F|  |TAMS 0x000000070ad00000, 0x000000070ad00000| Untracked 
| 110|0x000000070ae00000, 0x000000070ae00000, 0x000000070af00000|  0%| F|  |TAMS 0x000000070ae00000, 0x000000070ae00000| Untracked 
| 111|0x000000070af00000, 0x000000070af00000, 0x000000070b000000|  0%| F|  |TAMS 0x000000070af00000, 0x000000070af00000| Untracked 
| 112|0x000000070b000000, 0x000000070b000000, 0x000000070b100000|  0%| F|  |TAMS 0x000000070b000000, 0x000000070b000000| Untracked 
| 113|0x000000070b100000, 0x000000070b100000, 0x000000070b200000|  0%| F|  |TAMS 0x000000070b100000, 0x000000070b100000| Untracked 
| 114|0x000000070b200000, 0x000000070b200000, 0x000000070b300000|  0%| F|  |TAMS 0x000000070b200000, 0x000000070b200000| Untracked 
| 115|0x000000070b300000, 0x000000070b300000, 0x000000070b400000|  0%| F|  |TAMS 0x000000070b300000, 0x000000070b300000| Untracked 
| 116|0x000000070b400000, 0x000000070b400000, 0x000000070b500000|  0%| F|  |TAMS 0x000000070b400000, 0x000000070b400000| Untracked 
| 117|0x000000070b500000, 0x000000070b500000, 0x000000070b600000|  0%| F|  |TAMS 0x000000070b500000, 0x000000070b500000| Untracked 
| 118|0x000000070b600000, 0x000000070b600000, 0x000000070b700000|  0%| F|  |TAMS 0x000000070b600000, 0x000000070b600000| Untracked 
| 119|0x000000070b700000, 0x000000070b700000, 0x000000070b800000|  0%| F|  |TAMS 0x000000070b700000, 0x000000070b700000| Untracked 
| 120|0x000000070b800000, 0x000000070b800000, 0x000000070b900000|  0%| F|  |TAMS 0x000000070b800000, 0x000000070b800000| Untracked 
| 121|0x000000070b900000, 0x000000070b900000, 0x000000070ba00000|  0%| F|  |TAMS 0x000000070b900000, 0x000000070b900000| Untracked 
| 122|0x000000070ba00000, 0x000000070ba00000, 0x000000070bb00000|  0%| F|  |TAMS 0x000000070ba00000, 0x000000070ba00000| Untracked 
| 123|0x000000070bb00000, 0x000000070bb00000, 0x000000070bc00000|  0%| F|  |TAMS 0x000000070bb00000, 0x000000070bb00000| Untracked 
| 124|0x000000070bc00000, 0x000000070bc00000, 0x000000070bd00000|  0%| F|  |TAMS 0x000000070bc00000, 0x000000070bc00000| Untracked 
| 125|0x000000070bd00000, 0x000000070bd00000, 0x000000070be00000|  0%| F|  |TAMS 0x000000070bd00000, 0x000000070bd00000| Untracked 
| 126|0x000000070be00000, 0x000000070be00000, 0x000000070bf00000|  0%| F|  |TAMS 0x000000070be00000, 0x000000070be00000| Untracked 
| 127|0x000000070bf00000, 0x000000070bf00000, 0x000000070c000000|  0%| F|  |TAMS 0x000000070bf00000, 0x000000070bf00000| Untracked 
| 128|0x000000070c000000, 0x000000070c000000, 0x000000070c100000|  0%| F|  |TAMS 0x000000070c000000, 0x000000070c000000| Untracked 
| 129|0x000000070c100000, 0x000000070c100000, 0x000000070c200000|  0%| F|  |TAMS 0x000000070c100000, 0x000000070c100000| Untracked 
| 130|0x000000070c200000, 0x000000070c200000, 0x000000070c300000|  0%| F|  |TAMS 0x000000070c200000, 0x000000070c200000| Untracked 
| 131|0x000000070c300000, 0x000000070c300000, 0x000000070c400000|  0%| F|  |TAMS 0x000000070c300000, 0x000000070c300000| Untracked 
| 132|0x000000070c400000, 0x000000070c400000, 0x000000070c500000|  0%| F|  |TAMS 0x000000070c400000, 0x000000070c400000| Untracked 
| 133|0x000000070c500000, 0x000000070c500000, 0x000000070c600000|  0%| F|  |TAMS 0x000000070c500000, 0x000000070c500000| Untracked 
| 134|0x000000070c600000, 0x000000070c600000, 0x000000070c700000|  0%| F|  |TAMS 0x000000070c600000, 0x000000070c600000| Untracked 
| 135|0x000000070c700000, 0x000000070c700000, 0x000000070c800000|  0%| F|  |TAMS 0x000000070c700000, 0x000000070c700000| Untracked 
| 136|0x000000070c800000, 0x000000070c800000, 0x000000070c900000|  0%| F|  |TAMS 0x000000070c800000, 0x000000070c800000| Untracked 
| 137|0x000000070c900000, 0x000000070c900000, 0x000000070ca00000|  0%| F|  |TAMS 0x000000070c900000, 0x000000070c900000| Untracked 
| 138|0x000000070ca00000, 0x000000070ca00000, 0x000000070cb00000|  0%| F|  |TAMS 0x000000070ca00000, 0x000000070ca00000| Untracked 
| 139|0x000000070cb00000, 0x000000070cb00000, 0x000000070cc00000|  0%| F|  |TAMS 0x000000070cb00000, 0x000000070cb00000| Untracked 
| 140|0x000000070cc00000, 0x000000070cc00000, 0x000000070cd00000|  0%| F|  |TAMS 0x000000070cc00000, 0x000000070cc00000| Untracked 
| 141|0x000000070cd00000, 0x000000070cd00000, 0x000000070ce00000|  0%| F|  |TAMS 0x000000070cd00000, 0x000000070cd00000| Untracked 
| 142|0x000000070ce00000, 0x000000070ce00000, 0x000000070cf00000|  0%| F|  |TAMS 0x000000070ce00000, 0x000000070ce00000| Untracked 
| 143|0x000000070cf00000, 0x000000070cf00000, 0x000000070d000000|  0%| F|  |TAMS 0x000000070cf00000, 0x000000070cf00000| Untracked 
| 144|0x000000070d000000, 0x000000070d000000, 0x000000070d100000|  0%| F|  |TAMS 0x000000070d000000, 0x000000070d000000| Untracked 
| 145|0x000000070d100000, 0x000000070d100000, 0x000000070d200000|  0%| F|  |TAMS 0x000000070d100000, 0x000000070d100000| Untracked 
| 146|0x000000070d200000, 0x000000070d200000, 0x000000070d300000|  0%| F|  |TAMS 0x000000070d200000, 0x000000070d200000| Untracked 
| 147|0x000000070d300000, 0x000000070d300000, 0x000000070d400000|  0%| F|  |TAMS 0x000000070d300000, 0x000000070d300000| Untracked 
| 148|0x000000070d400000, 0x000000070d400000, 0x000000070d500000|  0%| F|  |TAMS 0x000000070d400000, 0x000000070d400000| Untracked 
| 149|0x000000070d500000, 0x000000070d500000, 0x000000070d600000|  0%| F|  |TAMS 0x000000070d500000, 0x000000070d500000| Untracked 
| 150|0x000000070d600000, 0x000000070d600000, 0x000000070d700000|  0%| F|  |TAMS 0x000000070d600000, 0x000000070d600000| Untracked 
| 151|0x000000070d700000, 0x000000070d700000, 0x000000070d800000|  0%| F|  |TAMS 0x000000070d700000, 0x000000070d700000| Untracked 
| 152|0x000000070d800000, 0x000000070d800000, 0x000000070d900000|  0%| F|  |TAMS 0x000000070d800000, 0x000000070d800000| Untracked 
| 153|0x000000070d900000, 0x000000070d900000, 0x000000070da00000|  0%| F|  |TAMS 0x000000070d900000, 0x000000070d900000| Untracked 
| 154|0x000000070da00000, 0x000000070da00000, 0x000000070db00000|  0%| F|  |TAMS 0x000000070da00000, 0x000000070da00000| Untracked 
| 155|0x000000070db00000, 0x000000070db00000, 0x000000070dc00000|  0%| F|  |TAMS 0x000000070db00000, 0x000000070db00000| Untracked 
| 156|0x000000070dc00000, 0x000000070dc00000, 0x000000070dd00000|  0%| F|  |TAMS 0x000000070dc00000, 0x000000070dc00000| Untracked 
| 157|0x000000070dd00000, 0x000000070dd00000, 0x000000070de00000|  0%| F|  |TAMS 0x000000070dd00000, 0x000000070dd00000| Untracked 
| 158|0x000000070de00000, 0x000000070de00000, 0x000000070df00000|  0%| F|  |TAMS 0x000000070de00000, 0x000000070de00000| Untracked 
| 159|0x000000070df00000, 0x000000070df00000, 0x000000070e000000|  0%| F|  |TAMS 0x000000070df00000, 0x000000070df00000| Untracked 
| 160|0x000000070e000000, 0x000000070e000000, 0x000000070e100000|  0%| F|  |TAMS 0x000000070e000000, 0x000000070e000000| Untracked 
| 161|0x000000070e100000, 0x000000070e100000, 0x000000070e200000|  0%| F|  |TAMS 0x000000070e100000, 0x000000070e100000| Untracked 
| 162|0x000000070e200000, 0x000000070e200000, 0x000000070e300000|  0%| F|  |TAMS 0x000000070e200000, 0x000000070e200000| Untracked 
| 163|0x000000070e300000, 0x000000070e300000, 0x000000070e400000|  0%| F|  |TAMS 0x000000070e300000, 0x000000070e300000| Untracked 
| 164|0x000000070e400000, 0x000000070e400000, 0x000000070e500000|  0%| F|  |TAMS 0x000000070e400000, 0x000000070e400000| Untracked 
| 165|0x000000070e500000, 0x000000070e500000, 0x000000070e600000|  0%| F|  |TAMS 0x000000070e500000, 0x000000070e500000| Untracked 
| 166|0x000000070e600000, 0x000000070e600000, 0x000000070e700000|  0%| F|  |TAMS 0x000000070e600000, 0x000000070e600000| Untracked 
| 167|0x000000070e700000, 0x000000070e700000, 0x000000070e800000|  0%| F|  |TAMS 0x000000070e700000, 0x000000070e700000| Untracked 
| 168|0x000000070e800000, 0x000000070e800000, 0x000000070e900000|  0%| F|  |TAMS 0x000000070e800000, 0x000000070e800000| Untracked 
| 169|0x000000070e900000, 0x000000070e900000, 0x000000070ea00000|  0%| F|  |TAMS 0x000000070e900000, 0x000000070e900000| Untracked 
| 170|0x000000070ea00000, 0x000000070ea00000, 0x000000070eb00000|  0%| F|  |TAMS 0x000000070ea00000, 0x000000070ea00000| Untracked 
| 171|0x000000070eb00000, 0x000000070eb00000, 0x000000070ec00000|  0%| F|  |TAMS 0x000000070eb00000, 0x000000070eb00000| Untracked 
| 172|0x000000070ec00000, 0x000000070ec00000, 0x000000070ed00000|  0%| F|  |TAMS 0x000000070ec00000, 0x000000070ec00000| Untracked 
| 173|0x000000070ed00000, 0x000000070ed00000, 0x000000070ee00000|  0%| F|  |TAMS 0x000000070ed00000, 0x000000070ed00000| Untracked 
| 174|0x000000070ee00000, 0x000000070ee00000, 0x000000070ef00000|  0%| F|  |TAMS 0x000000070ee00000, 0x000000070ee00000| Untracked 
| 175|0x000000070ef00000, 0x000000070ef00000, 0x000000070f000000|  0%| F|  |TAMS 0x000000070ef00000, 0x000000070ef00000| Untracked 
| 176|0x000000070f000000, 0x000000070f000000, 0x000000070f100000|  0%| F|  |TAMS 0x000000070f000000, 0x000000070f000000| Untracked 
| 177|0x000000070f100000, 0x000000070f100000, 0x000000070f200000|  0%| F|  |TAMS 0x000000070f100000, 0x000000070f100000| Untracked 
| 178|0x000000070f200000, 0x000000070f200000, 0x000000070f300000|  0%| F|  |TAMS 0x000000070f200000, 0x000000070f200000| Untracked 
| 179|0x000000070f300000, 0x000000070f300000, 0x000000070f400000|  0%| F|  |TAMS 0x000000070f300000, 0x000000070f300000| Untracked 
| 180|0x000000070f400000, 0x000000070f400000, 0x000000070f500000|  0%| F|  |TAMS 0x000000070f400000, 0x000000070f400000| Untracked 
| 181|0x000000070f500000, 0x000000070f500000, 0x000000070f600000|  0%| F|  |TAMS 0x000000070f500000, 0x000000070f500000| Untracked 
| 182|0x000000070f600000, 0x000000070f600000, 0x000000070f700000|  0%| F|  |TAMS 0x000000070f600000, 0x000000070f600000| Untracked 
| 183|0x000000070f700000, 0x000000070f700000, 0x000000070f800000|  0%| F|  |TAMS 0x000000070f700000, 0x000000070f700000| Untracked 
| 184|0x000000070f800000, 0x000000070f800000, 0x000000070f900000|  0%| F|  |TAMS 0x000000070f800000, 0x000000070f800000| Untracked 
| 185|0x000000070f900000, 0x000000070f900000, 0x000000070fa00000|  0%| F|  |TAMS 0x000000070f900000, 0x000000070f900000| Untracked 
| 186|0x000000070fa00000, 0x000000070fa00000, 0x000000070fb00000|  0%| F|  |TAMS 0x000000070fa00000, 0x000000070fa00000| Untracked 
| 187|0x000000070fb00000, 0x000000070fb00000, 0x000000070fc00000|  0%| F|  |TAMS 0x000000070fb00000, 0x000000070fb00000| Untracked 
| 188|0x000000070fc00000, 0x000000070fc00000, 0x000000070fd00000|  0%| F|  |TAMS 0x000000070fc00000, 0x000000070fc00000| Untracked 
| 189|0x000000070fd00000, 0x000000070fd00000, 0x000000070fe00000|  0%| F|  |TAMS 0x000000070fd00000, 0x000000070fd00000| Untracked 
| 190|0x000000070fe00000, 0x000000070fe00000, 0x000000070ff00000|  0%| F|  |TAMS 0x000000070fe00000, 0x000000070fe00000| Untracked 
| 191|0x000000070ff00000, 0x000000070ff00000, 0x0000000710000000|  0%| F|  |TAMS 0x000000070ff00000, 0x000000070ff00000| Untracked 
| 192|0x0000000710000000, 0x0000000710000000, 0x0000000710100000|  0%| F|  |TAMS 0x0000000710000000, 0x0000000710000000| Untracked 
| 193|0x0000000710100000, 0x0000000710100000, 0x0000000710200000|  0%| F|  |TAMS 0x0000000710100000, 0x0000000710100000| Untracked 
| 194|0x0000000710200000, 0x0000000710200000, 0x0000000710300000|  0%| F|  |TAMS 0x0000000710200000, 0x0000000710200000| Untracked 
| 195|0x0000000710300000, 0x0000000710300000, 0x0000000710400000|  0%| F|  |TAMS 0x0000000710300000, 0x0000000710300000| Untracked 
| 196|0x0000000710400000, 0x0000000710400000, 0x0000000710500000|  0%| F|  |TAMS 0x0000000710400000, 0x0000000710400000| Untracked 
| 197|0x0000000710500000, 0x0000000710500000, 0x0000000710600000|  0%| F|  |TAMS 0x0000000710500000, 0x0000000710500000| Untracked 
| 198|0x0000000710600000, 0x0000000710600000, 0x0000000710700000|  0%| F|  |TAMS 0x0000000710600000, 0x0000000710600000| Untracked 
| 199|0x0000000710700000, 0x0000000710700000, 0x0000000710800000|  0%| F|  |TAMS 0x0000000710700000, 0x0000000710700000| Untracked 
| 200|0x0000000710800000, 0x0000000710800000, 0x0000000710900000|  0%| F|  |TAMS 0x0000000710800000, 0x0000000710800000| Untracked 
| 201|0x0000000710900000, 0x0000000710900000, 0x0000000710a00000|  0%| F|  |TAMS 0x0000000710900000, 0x0000000710900000| Untracked 
| 202|0x0000000710a00000, 0x0000000710a00000, 0x0000000710b00000|  0%| F|  |TAMS 0x0000000710a00000, 0x0000000710a00000| Untracked 
| 203|0x0000000710b00000, 0x0000000710b00000, 0x0000000710c00000|  0%| F|  |TAMS 0x0000000710b00000, 0x0000000710b00000| Untracked 
| 204|0x0000000710c00000, 0x0000000710c00000, 0x0000000710d00000|  0%| F|  |TAMS 0x0000000710c00000, 0x0000000710c00000| Untracked 
| 205|0x0000000710d00000, 0x0000000710d00000, 0x0000000710e00000|  0%| F|  |TAMS 0x0000000710d00000, 0x0000000710d00000| Untracked 
| 206|0x0000000710e00000, 0x0000000710e00000, 0x0000000710f00000|  0%| F|  |TAMS 0x0000000710e00000, 0x0000000710e00000| Untracked 
| 207|0x0000000710f00000, 0x0000000710f00000, 0x0000000711000000|  0%| F|  |TAMS 0x0000000710f00000, 0x0000000710f00000| Untracked 
| 208|0x0000000711000000, 0x0000000711000000, 0x0000000711100000|  0%| F|  |TAMS 0x0000000711000000, 0x0000000711000000| Untracked 
| 209|0x0000000711100000, 0x0000000711100000, 0x0000000711200000|  0%| F|  |TAMS 0x0000000711100000, 0x0000000711100000| Untracked 
| 210|0x0000000711200000, 0x0000000711200000, 0x0000000711300000|  0%| F|  |TAMS 0x0000000711200000, 0x0000000711200000| Untracked 
| 211|0x0000000711300000, 0x0000000711300000, 0x0000000711400000|  0%| F|  |TAMS 0x0000000711300000, 0x0000000711300000| Untracked 
| 212|0x0000000711400000, 0x0000000711400000, 0x0000000711500000|  0%| F|  |TAMS 0x0000000711400000, 0x0000000711400000| Untracked 
| 213|0x0000000711500000, 0x0000000711500000, 0x0000000711600000|  0%| F|  |TAMS 0x0000000711500000, 0x0000000711500000| Untracked 
| 214|0x0000000711600000, 0x0000000711600000, 0x0000000711700000|  0%| F|  |TAMS 0x0000000711600000, 0x0000000711600000| Untracked 
| 215|0x0000000711700000, 0x0000000711700000, 0x0000000711800000|  0%| F|  |TAMS 0x0000000711700000, 0x0000000711700000| Untracked 
| 216|0x0000000711800000, 0x0000000711800000, 0x0000000711900000|  0%| F|  |TAMS 0x0000000711800000, 0x0000000711800000| Untracked 
| 217|0x0000000711900000, 0x0000000711900000, 0x0000000711a00000|  0%| F|  |TAMS 0x0000000711900000, 0x0000000711900000| Untracked 
| 218|0x0000000711a00000, 0x0000000711a00000, 0x0000000711b00000|  0%| F|  |TAMS 0x0000000711a00000, 0x0000000711a00000| Untracked 
| 219|0x0000000711b00000, 0x0000000711b00000, 0x0000000711c00000|  0%| F|  |TAMS 0x0000000711b00000, 0x0000000711b00000| Untracked 
| 220|0x0000000711c00000, 0x0000000711c00000, 0x0000000711d00000|  0%| F|  |TAMS 0x0000000711c00000, 0x0000000711c00000| Untracked 
| 221|0x0000000711d00000, 0x0000000711d00000, 0x0000000711e00000|  0%| F|  |TAMS 0x0000000711d00000, 0x0000000711d00000| Untracked 
| 222|0x0000000711e00000, 0x0000000711e00000, 0x0000000711f00000|  0%| F|  |TAMS 0x0000000711e00000, 0x0000000711e00000| Untracked 
| 223|0x0000000711f00000, 0x0000000711f00000, 0x0000000712000000|  0%| F|  |TAMS 0x0000000711f00000, 0x0000000711f00000| Untracked 
| 224|0x0000000712000000, 0x0000000712000000, 0x0000000712100000|  0%| F|  |TAMS 0x0000000712000000, 0x0000000712000000| Untracked 
| 225|0x0000000712100000, 0x0000000712100000, 0x0000000712200000|  0%| F|  |TAMS 0x0000000712100000, 0x0000000712100000| Untracked 
| 226|0x0000000712200000, 0x0000000712200000, 0x0000000712300000|  0%| F|  |TAMS 0x0000000712200000, 0x0000000712200000| Untracked 
| 227|0x0000000712300000, 0x0000000712300000, 0x0000000712400000|  0%| F|  |TAMS 0x0000000712300000, 0x0000000712300000| Untracked 
| 228|0x0000000712400000, 0x0000000712400000, 0x0000000712500000|  0%| F|  |TAMS 0x0000000712400000, 0x0000000712400000| Untracked 
| 229|0x0000000712500000, 0x00000007125370b0, 0x0000000712600000| 21%| S|CS|TAMS 0x0000000712500000, 0x0000000712500000| Complete 
| 230|0x0000000712600000, 0x0000000712700000, 0x0000000712700000|100%| S|CS|TAMS 0x0000000712600000, 0x0000000712600000| Complete 
| 231|0x0000000712700000, 0x0000000712700000, 0x0000000712800000|  0%| F|  |TAMS 0x0000000712700000, 0x0000000712700000| Untracked 
| 232|0x0000000712800000, 0x0000000712800000, 0x0000000712900000|  0%| F|  |TAMS 0x0000000712800000, 0x0000000712800000| Untracked 
| 233|0x0000000712900000, 0x0000000712900000, 0x0000000712a00000|  0%| F|  |TAMS 0x0000000712900000, 0x0000000712900000| Untracked 
| 234|0x0000000712a00000, 0x0000000712a00000, 0x0000000712b00000|  0%| F|  |TAMS 0x0000000712a00000, 0x0000000712a00000| Untracked 
| 235|0x0000000712b00000, 0x0000000712b00000, 0x0000000712c00000|  0%| F|  |TAMS 0x0000000712b00000, 0x0000000712b00000| Untracked 
| 236|0x0000000712c00000, 0x0000000712c00000, 0x0000000712d00000|  0%| F|  |TAMS 0x0000000712c00000, 0x0000000712c00000| Untracked 
| 237|0x0000000712d00000, 0x0000000712d00000, 0x0000000712e00000|  0%| F|  |TAMS 0x0000000712d00000, 0x0000000712d00000| Untracked 
| 238|0x0000000712e00000, 0x0000000712e00000, 0x0000000712f00000|  0%| F|  |TAMS 0x0000000712e00000, 0x0000000712e00000| Untracked 
| 239|0x0000000712f00000, 0x0000000712f00000, 0x0000000713000000|  0%| F|  |TAMS 0x0000000712f00000, 0x0000000712f00000| Untracked 
| 240|0x0000000713000000, 0x0000000713000000, 0x0000000713100000|  0%| F|  |TAMS 0x0000000713000000, 0x0000000713000000| Untracked 
| 241|0x0000000713100000, 0x0000000713100000, 0x0000000713200000|  0%| F|  |TAMS 0x0000000713100000, 0x0000000713100000| Untracked 
| 242|0x0000000713200000, 0x0000000713200000, 0x0000000713300000|  0%| F|  |TAMS 0x0000000713200000, 0x0000000713200000| Untracked 
| 243|0x0000000713300000, 0x0000000713300000, 0x0000000713400000|  0%| F|  |TAMS 0x0000000713300000, 0x0000000713300000| Untracked 
| 244|0x0000000713400000, 0x0000000713400000, 0x0000000713500000|  0%| F|  |TAMS 0x0000000713400000, 0x0000000713400000| Untracked 
| 245|0x0000000713500000, 0x0000000713500000, 0x0000000713600000|  0%| F|  |TAMS 0x0000000713500000, 0x0000000713500000| Untracked 
| 246|0x0000000713600000, 0x0000000713600000, 0x0000000713700000|  0%| F|  |TAMS 0x0000000713600000, 0x0000000713600000| Untracked 
| 247|0x0000000713700000, 0x0000000713780800, 0x0000000713800000| 50%| E|  |TAMS 0x0000000713700000, 0x0000000713700000| Complete 
| 248|0x0000000713800000, 0x0000000713900000, 0x0000000713900000|100%| E|CS|TAMS 0x0000000713800000, 0x0000000713800000| Complete 
| 249|0x0000000713900000, 0x0000000713a00000, 0x0000000713a00000|100%| E|CS|TAMS 0x0000000713900000, 0x0000000713900000| Complete 
| 250|0x0000000713a00000, 0x0000000713b00000, 0x0000000713b00000|100%| E|CS|TAMS 0x0000000713a00000, 0x0000000713a00000| Complete 
| 251|0x0000000713b00000, 0x0000000713c00000, 0x0000000713c00000|100%| E|CS|TAMS 0x0000000713b00000, 0x0000000713b00000| Complete 

Card table byte_map: [0x000001a956f30000,0x000001a957710000] _byte_map_base: 0x000001a953710000

Marking Bits (Prev, Next): (CMBitMap*) 0x000001a93cdffcf0, (CMBitMap*) 0x000001a93cdffcb8
 Prev Bits: [0x000001a95bdf0000, 0x000001a95fcf0000)
 Next Bits: [0x000001a957ef0000, 0x000001a95bdf0000)

Polling page: 0x000001a93ce60000

Metaspace:

Usage:
  Non-class:     21.88 MB capacity,    21.59 MB ( 99%) used,   253.63 KB (  1%) free+waste,    49.06 KB ( <1%) overhead. 
      Class:      3.15 MB capacity,     2.95 MB ( 94%) used,   180.48 KB (  6%) free+waste,    23.50 KB ( <1%) overhead. 
       Both:     25.03 MB capacity,    24.53 MB ( 98%) used,   434.10 KB (  2%) free+waste,    72.56 KB ( <1%) overhead. 

Virtual space:
  Non-class space:       22.00 MB reserved,      21.92 MB (>99%) committed 
      Class space:        1.00 GB reserved,       3.25 MB ( <1%) committed 
             Both:        1.02 GB reserved,      25.17 MB (  2%) committed 

Chunk freelists:
   Non-Class:  42.00 KB
       Class:  11.00 KB
        Both:  53.00 KB

MaxMetaspaceSize: 17179869184.00 GB
CompressedClassSpaceSize: 1.00 GB
Initial GC threshold: 20.80 MB
Current GC threshold: 35.08 MB
CDS: off

CodeHeap 'non-profiled nmethods': size=120000Kb used=1035Kb max_used=1035Kb free=118964Kb
 bounds [0x000001a94e7b0000, 0x000001a94ea20000, 0x000001a955ce0000]
CodeHeap 'profiled nmethods': size=120000Kb used=4356Kb max_used=4356Kb free=115644Kb
 bounds [0x000001a947280000, 0x000001a9476d0000, 0x000001a94e7b0000]
CodeHeap 'non-nmethods': size=5760Kb used=1225Kb max_used=1258Kb free=4535Kb
 bounds [0x000001a946ce0000, 0x000001a946f50000, 0x000001a947280000]
 total_blobs=2660 nmethods=2178 adapters=394
 compilation: enabled
              stopped_count=0, restarted_count=0
 full_count=0

Compilation events (20 events):
Event: 2.186 Thread 0x000001a963193800 2160       3       java.util.regex.Pattern::next (33 bytes)
Event: 2.186 Thread 0x000001a963193800 nmethod 2160 0x000001a9476b8690 code [0x000001a9476b8860, 0x000001a9476b8ac8]
Event: 2.186 Thread 0x000001a963193800 2159       3       java.util.regex.Pattern$Node::<init> (12 bytes)
Event: 2.186 Thread 0x000001a963193800 nmethod 2159 0x000001a9476b8c10 code [0x000001a9476b8dc0, 0x000001a9476b8f98]
Event: 2.187 Thread 0x000001a963193800 2161       3       java.lang.invoke.DirectMethodHandle$Holder::invokeStatic (15 bytes)
Event: 2.187 Thread 0x000001a963193800 nmethod 2161 0x000001a9476b9090 code [0x000001a9476b9260, 0x000001a9476b96d8]
Event: 2.190 Thread 0x000001a963193800 2162       3       net.bytebuddy.pool.TypePool$Default$TypeExtractor::visitInnerClass (132 bytes)
Event: 2.192 Thread 0x000001a963193800 nmethod 2162 0x000001a9476b9810 code [0x000001a9476b9b00, 0x000001a9476bab98]
Event: 2.194 Thread 0x000001a963193800 2165       3       java.lang.ProcessEnvironment$NameComparator::compare (90 bytes)
Event: 2.195 Thread 0x000001a963193800 nmethod 2165 0x000001a9476bb110 code [0x000001a9476bb440, 0x000001a9476bc678]
Event: 2.195 Thread 0x000001a963193800 2166       3       java.util.HashMap::get (23 bytes)
Event: 2.195 Thread 0x000001a963193800 nmethod 2166 0x000001a9476bcf10 code [0x000001a9476bd100, 0x000001a9476bd438]
Event: 2.195 Thread 0x000001a963193800 2164       3       java.lang.ProcessEnvironment$NameComparator::compare (13 bytes)
Event: 2.195 Thread 0x000001a963193800 nmethod 2164 0x000001a9476bd590 code [0x000001a9476bd760, 0x000001a9476bda88]
Event: 2.196 Thread 0x000001a963193800 2167       3       java.util.TreeMap::get (19 bytes)
Event: 2.196 Thread 0x000001a963193800 nmethod 2167 0x000001a9476bdb90 code [0x000001a9476bdd60, 0x000001a9476bdf08]
Event: 2.199 Thread 0x000001a963193800 2168       3       jdk.internal.reflect.ReflectionFactory::copyConstructor (10 bytes)
Event: 2.199 Thread 0x000001a963193800 nmethod 2168 0x000001a9476be010 code [0x000001a9476be200, 0x000001a9476be528]
Event: 2.199 Thread 0x000001a963193800 2169       3       java.lang.reflect.ReflectAccess::copyConstructor (5 bytes)
Event: 2.199 Thread 0x000001a963193800 nmethod 2169 0x000001a9476be690 code [0x000001a9476be840, 0x000001a9476be968]

GC Heap History (6 events):
Event: 0.669 GC heap before
{Heap before GC invocations=0 (full 0):
 garbage-first heap   total 258048K, used 24576K [0x0000000704000000, 0x0000000800000000)
  region size 1024K, 24 young (24576K), 0 survivors (0K)
 Metaspace       used 9846K, capacity 9980K, committed 10240K, reserved 1058816K
  class space    used 949K, capacity 1008K, committed 1024K, reserved 1048576K
}
Event: 0.673 GC heap after
{Heap after GC invocations=1 (full 0):
 garbage-first heap   total 258048K, used 10577K [0x0000000704000000, 0x0000000800000000)
  region size 1024K, 3 young (3072K), 3 survivors (3072K)
 Metaspace       used 9846K, capacity 9980K, committed 10240K, reserved 1058816K
  class space    used 949K, capacity 1008K, committed 1024K, reserved 1048576K
}
Event: 1.553 GC heap before
{Heap before GC invocations=1 (full 0):
 garbage-first heap   total 258048K, used 45393K [0x0000000704000000, 0x0000000800000000)
  region size 1024K, 38 young (38912K), 3 survivors (3072K)
 Metaspace       used 20706K, capacity 21128K, committed 21296K, reserved 1069056K
  class space    used 2396K, capacity 2575K, committed 2688K, reserved 1048576K
}
Event: 1.559 GC heap after
{Heap after GC invocations=2 (full 0):
 garbage-first heap   total 258048K, used 13458K [0x0000000704000000, 0x0000000800000000)
  region size 1024K, 6 young (6144K), 6 survivors (6144K)
 Metaspace       used 20706K, capacity 21128K, committed 21296K, reserved 1069056K
  class space    used 2396K, capacity 2575K, committed 2688K, reserved 1048576K
}
Event: 2.165 GC heap before
{Heap before GC invocations=3 (full 0):
 garbage-first heap   total 258048K, used 34962K [0x0000000704000000, 0x0000000800000000)
  region size 1024K, 27 young (27648K), 6 survivors (6144K)
 Metaspace       used 24561K, capacity 25032K, committed 25136K, reserved 1071104K
  class space    used 2959K, capacity 3150K, committed 3200K, reserved 1048576K
}
Event: 2.170 GC heap after
{Heap after GC invocations=4 (full 0):
 garbage-first heap   total 258048K, used 14410K [0x0000000704000000, 0x0000000800000000)
  region size 1024K, 2 young (2048K), 2 survivors (2048K)
 Metaspace       used 24561K, capacity 25032K, committed 25136K, reserved 1071104K
  class space    used 2959K, capacity 3150K, committed 3200K, reserved 1048576K
}

Deoptimization events (20 events):
Event: 2.097 Thread 0x000001a93cd9c800 Uncommon trap: trap_request=0xffffff4d fr.pc=0x000001a94e7ddbf0 relative=0x00000000000014b0
Event: 2.097 Thread 0x000001a93cd9c800 Uncommon trap: reason=unstable_if action=reinterpret pc=0x000001a94e7ddbf0 method=java.io.WinNTFileSystem.normalize(Ljava/lang/String;)Ljava/lang/String; @ 128 c2
Event: 2.097 Thread 0x000001a93cd9c800 DEOPT PACKING pc=0x000001a94e7ddbf0 sp=0x0000006ffe9fbf10
Event: 2.097 Thread 0x000001a93cd9c800 DEOPT UNPACKING pc=0x000001a946ce85af sp=0x0000006ffe9fbee8 mode 2
Event: 2.108 Thread 0x000001a93cd9c800 Uncommon trap: trap_request=0xffffff4d fr.pc=0x000001a94e8767f8 relative=0x00000000000006f8
Event: 2.108 Thread 0x000001a93cd9c800 Uncommon trap: reason=unstable_if action=reinterpret pc=0x000001a94e8767f8 method=sun.net.www.ParseUtil.firstEncodeIndex(Ljava/lang/String;)I @ 51 c2
Event: 2.108 Thread 0x000001a93cd9c800 DEOPT PACKING pc=0x000001a94e8767f8 sp=0x0000006ffe9fe6b0
Event: 2.108 Thread 0x000001a93cd9c800 DEOPT UNPACKING pc=0x000001a946ce85af sp=0x0000006ffe9fe540 mode 2
Event: 2.119 Thread 0x000001a93cd9c800 DEOPT PACKING pc=0x000001a94768e4f8 sp=0x0000006ffe9fe5e0
Event: 2.119 Thread 0x000001a93cd9c800 DEOPT UNPACKING pc=0x000001a946d29d0e sp=0x0000006ffe9fdae8 mode 0
Event: 2.153 Thread 0x000001a93cd9c800 Uncommon trap: trap_request=0xffffff4d fr.pc=0x000001a94e8a2b30 relative=0x0000000000001b30
Event: 2.153 Thread 0x000001a93cd9c800 Uncommon trap: reason=unstable_if action=reinterpret pc=0x000001a94e8a2b30 method=net.bytebuddy.jar.asm.signature.SignatureReader.parseType(Ljava/lang/String;ILnet/bytebuddy/jar/asm/signature/SignatureVisitor;)I @ 14 c2
Event: 2.153 Thread 0x000001a93cd9c800 DEOPT PACKING pc=0x000001a94e8a2b30 sp=0x0000006ffe9f4eb0
Event: 2.153 Thread 0x000001a93cd9c800 DEOPT UNPACKING pc=0x000001a946ce85af sp=0x0000006ffe9f4e80 mode 2
Event: 2.172 Thread 0x000001a93cd9c800 DEOPT PACKING pc=0x000001a94768e4f8 sp=0x0000006ffe9fbb60
Event: 2.172 Thread 0x000001a93cd9c800 DEOPT UNPACKING pc=0x000001a946d29d0e sp=0x0000006ffe9fb068 mode 0
Event: 2.188 Thread 0x000001a93cd9c800 Uncommon trap: trap_request=0xffffff4d fr.pc=0x000001a94e84a26c relative=0x000000000000022c
Event: 2.188 Thread 0x000001a93cd9c800 Uncommon trap: reason=unstable_if action=reinterpret pc=0x000001a94e84a26c method=java.util.HashMap.hash(Ljava/lang/Object;)I @ 1 c2
Event: 2.188 Thread 0x000001a93cd9c800 DEOPT PACKING pc=0x000001a94e84a26c sp=0x0000006ffe9fcac0
Event: 2.188 Thread 0x000001a93cd9c800 DEOPT UNPACKING pc=0x000001a946ce85af sp=0x0000006ffe9fc9f8 mode 2

Classes redefined (0 events):
No events

Internal exceptions (20 events):
Event: 1.014 Thread 0x000001a93cd9c800 Exception <a 'java/lang/NoSuchMethodError'{0x0000000712b5ef88}: 'java.lang.Object java.lang.invoke.DirectMethodHandle$Holder.invokeStatic(java.lang.Object, java.lang.Object, java.lang.Object, java.lang.Object, java.lang.Object, java.lang.Object, java.lang.Object, java.lang.Object, java.lang.Object, java.lang.Object, java.lang.Object, int)'> (0x0000000712b5ef88) thrown at [./src/hotspot/share/interpreter/linkResolver.cpp, line 773]
Event: 1.016 Thread 0x000001a93cd9c800 Exception <a 'java/lang/NoSuchMethodError'{0x0000000712b7d130}: 'java.lang.Object java.lang.invoke.DirectMethodHandle$Holder.invokeStatic(java.lang.Object, java.lang.Object, java.lang.Object, java.lang.Object, java.lang.Object, java.lang.Object, java.lang.Object, java.lang.Object, java.lang.Object, java.lang.Object, java.lang.Object, int, int)'> (0x0000000712b7d130) thrown at [./src/hotspot/share/interpreter/linkResolver.cpp, line 773]
Event: 1.018 Thread 0x000001a93cd9c800 Exception <a 'java/lang/NoSuchMethodError'{0x0000000712b9c3b0}: 'java.lang.Object java.lang.invoke.DirectMethodHandle$Holder.invokeStatic(java.lang.Object, java.lang.Object, java.lang.Object, java.lang.Object, java.lang.Object, java.lang.Object, java.lang.Object, java.lang.Object, java.lang.Object, java.lang.Object, java.lang.Object, int, int, java.lang.Object)'> (0x0000000712b9c3b0) thrown at [./src/hotspot/share/interpreter/linkResolver.cpp, line 773]
Event: 1.021 Thread 0x000001a93cd9c800 Exception <a 'java/lang/NoSuchMethodError'{0x0000000712bbca70}: 'java.lang.Object java.lang.invoke.DirectMethodHandle$Holder.invokeStatic(java.lang.Object, java.lang.Object, java.lang.Object, java.lang.Object, java.lang.Object, java.lang.Object, java.lang.Object, java.lang.Object, java.lang.Object, java.lang.Object, java.lang.Object, int, int, java.lang.Object, java.lang.Object)'> (0x0000000712bbca70) thrown at [./src/hotspot/share/interpreter/linkResolver.cpp, line 773]
Event: 1.063 Thread 0x000001a93cd9c800 Exception <a 'java/lang/NoSuchMethodError'{0x0000000712a1dd90}: 'int java.lang.invoke.DirectMethodHandle$Holder.invokeStatic(java.lang.Object, java.lang.Object, java.lang.Object, java.lang.Object, java.lang.Object)'> (0x0000000712a1dd90) thrown at [./src/hotspot/share/interpreter/linkResolver.cpp, line 773]
Event: 1.071 Thread 0x000001a93cd9c800 Exception <a 'java/lang/NoSuchMethodError'{0x0000000712a687c0}: 'java.lang.Object java.lang.invoke.DirectMethodHandle$Holder.invokeStatic(java.lang.Object, long, java.lang.Object, java.lang.Object)'> (0x0000000712a687c0) thrown at [./src/hotspot/share/interpreter/linkResolver.cpp, line 773]
Event: 1.152 Thread 0x000001a93cd9c800 Exception <a 'java/lang/NoSuchMethodError'{0x0000000712868228}: 'int java.lang.invoke.DirectMethodHandle$Holder.invokeStaticInit(java.lang.Object, java.lang.Object, java.lang.Object)'> (0x0000000712868228) thrown at [./src/hotspot/share/interpreter/linkResolver.cpp, line 773]
Event: 1.178 Thread 0x000001a93cd9c800 Implicit null exception at 0x000001a94e84057e to 0x000001a94e840e84
Event: 1.178 Thread 0x000001a93cd9c800 Implicit null exception at 0x000001a94e7bcc2f to 0x000001a94e7bcca9
Event: 1.207 Thread 0x000001a93cd9c800 Exception <a 'java/lang/NoSuchMethodError'{0x000000071279fa48}: 'int java.lang.invoke.DirectMethodHandle$Holder.invokeInterface(java.lang.Object, java.lang.Object)'> (0x000000071279fa48) thrown at [./src/hotspot/share/interpreter/linkResolver.cpp, line 773]
Event: 1.209 Thread 0x000001a93cd9c800 Exception <a 'java/lang/IncompatibleClassChangeError'{0x00000007127a27e0}: Found class java.lang.Object, but interface was expected> (0x00000007127a27e0) thrown at [./src/hotspot/share/interpreter/linkResolver.cpp, line 839]
Event: 1.252 Thread 0x000001a93cd9c800 Exception <a 'java/lang/NoSuchMethodError'{0x0000000712673810}: 'void java.lang.invoke.DirectMethodHandle$Holder.invokeStatic(java.lang.Object, java.lang.Object, java.lang.Object, java.lang.Object, java.lang.Object)'> (0x0000000712673810) thrown at [./src/hotspot/share/interpreter/linkResolver.cpp, line 773]
Event: 1.612 Thread 0x000001a93cd9c800 Exception <a 'java/lang/ClassNotFoundException'{0x0000000713aa2f20}: java/lang/ClassLoader$ByteBuddyAccessor$8Bzo3PWl> (0x0000000713aa2f20) thrown at [./src/hotspot/share/classfile/systemDictionary.cpp, line 230]
Event: 1.684 Thread 0x000001a93cd9c800 Exception <a 'java/lang/NoSuchMethodError'{0x000000071364c800}: 'java.lang.Object java.lang.invoke.DirectMethodHandle$Holder.invokeVirtual(java.lang.Object, java.lang.Object, java.lang.Object)'> (0x000000071364c800) thrown at [./src/hotspot/share/interpreter/linkResolver.cpp, line 773]
Event: 1.836 Thread 0x000001a93cd9c800 Exception <a 'java/lang/ClassNotFoundException'{0x0000000712d64c08}: com/sun/org/apache/xerces/internal/impl/msg/spi/SAXMessagesProvider> (0x0000000712d64c08) thrown at [./src/hotspot/share/classfile/systemDictionary.cpp, line 230]
Event: 1.863 Thread 0x000001a93cd9c800 Exception <a 'java/lang/NoSuchMethodError'{0x0000000712c75dc8}: 'java.lang.Object java.lang.invoke.DirectMethodHandle$Holder.invokeStatic(java.lang.Object, int, int, int, int)'> (0x0000000712c75dc8) thrown at [./src/hotspot/share/interpreter/linkResolver.cpp, line 773]
Event: 1.863 Thread 0x000001a93cd9c800 Exception <a 'java/lang/NoSuchMethodError'{0x0000000712c78ef0}: 'java.lang.Object java.lang.invoke.DirectMethodHandle$Holder.invokeStaticInit(java.lang.Object, int, int, int, int)'> (0x0000000712c78ef0) thrown at [./src/hotspot/share/interpreter/linkResolver.cpp, line 773]
Event: 2.103 Thread 0x000001a93cd9c800 Exception <a 'java/lang/NoSuchMethodError'{0x0000000712b141a0}: 'java.lang.Object java.lang.invoke.DirectMethodHandle$Holder.invokeStatic(java.lang.Object, java.lang.Object, int, int, int, int)'> (0x0000000712b141a0) thrown at [./src/hotspot/share/interpreter/linkResolver.cpp, line 773]
Event: 2.103 Thread 0x000001a93cd9c800 Exception <a 'java/lang/NoSuchMethodError'{0x0000000712b174f8}: 'java.lang.Object java.lang.invoke.DirectMethodHandle$Holder.invokeStaticInit(java.lang.Object, java.lang.Object, int, int, int, int)'> (0x0000000712b174f8) thrown at [./src/hotspot/share/interpreter/linkResolver.cpp, line 773]
Event: 2.188 Thread 0x000001a93cd9c800 Implicit null exception at 0x000001a94e84a075 to 0x000001a94e84a25c

Events (20 events):
Event: 2.203 loading class java/time/Instant
Event: 2.204 loading class java/time/temporal/Temporal
Event: 2.204 loading class java/time/temporal/Temporal done
Event: 2.204 loading class java/time/Instant done
Event: 2.204 loading class org/apache/logging/log4j/core/config/LoggerConfig$LoggerConfigPredicate
Event: 2.204 loading class org/apache/logging/log4j/core/config/LoggerConfig$LoggerConfigPredicate done
Event: 2.204 loading class org/apache/logging/log4j/core/config/LoggerConfig$LoggerConfigPredicate$1
Event: 2.204 loading class org/apache/logging/log4j/core/config/LoggerConfig$LoggerConfigPredicate$1 done
Event: 2.205 loading class org/apache/logging/log4j/core/config/LoggerConfig$LoggerConfigPredicate$2
Event: 2.205 loading class org/apache/logging/log4j/core/config/LoggerConfig$LoggerConfigPredicate$2 done
Event: 2.205 loading class org/apache/logging/log4j/core/config/LoggerConfig$LoggerConfigPredicate$3
Event: 2.205 loading class org/apache/logging/log4j/core/config/LoggerConfig$LoggerConfigPredicate$3 done
Event: 2.205 loading class org/apache/logging/log4j/core/layout/TextEncoderHelper
Event: 2.205 loading class org/apache/logging/log4j/core/layout/TextEncoderHelper done
Event: 2.206 loading class java/nio/charset/CharacterCodingException
Event: 2.206 loading class java/nio/charset/CharacterCodingException done
Event: 2.206 loading class org/apache/logging/log4j/core/layout/ByteBufferDestinationHelper
Event: 2.206 loading class org/apache/logging/log4j/core/layout/ByteBufferDestinationHelper done
Event: 2.207 loading class com/qaprosoft/carina/core/foundation/report/ReportContext
Event: 2.207 loading class com/qaprosoft/carina/core/foundation/report/ReportContext done


Dynamic libraries:
0x00007ff6d89f0000 - 0x00007ff6d89fd000 	C:\Users\amirk\.jdks\temurin-11.0.15\bin\java.exe
0x00007ff954230000 - 0x00007ff954425000 	C:\Windows\SYSTEM32\ntdll.dll
0x00007ff953c20000 - 0x00007ff953cdd000 	C:\Windows\System32\KERNEL32.DLL
0x00007ff951d20000 - 0x00007ff951fed000 	C:\Windows\System32\KERNELBASE.dll
0x00007ff951c20000 - 0x00007ff951d20000 	C:\Windows\System32\ucrtbase.dll
0x00007ff94def0000 - 0x00007ff94df05000 	C:\Users\amirk\.jdks\temurin-11.0.15\bin\VCRUNTIME140.dll
0x00007ff94de80000 - 0x00007ff94de97000 	C:\Users\amirk\.jdks\temurin-11.0.15\bin\jli.dll
0x00007ff952ac0000 - 0x00007ff952c60000 	C:\Windows\System32\USER32.dll
0x00007ff937c50000 - 0x00007ff937eea000 	C:\Windows\WinSxS\amd64_microsoft.windows.common-controls_6595b64144ccf1df_6.0.19041.1110_none_60b5254171f9507e\COMCTL32.dll
0x00007ff951a40000 - 0x00007ff951a62000 	C:\Windows\System32\win32u.dll
0x00007ff953da0000 - 0x00007ff953e3e000 	C:\Windows\System32\msvcrt.dll
0x00007ff9530e0000 - 0x00007ff95310a000 	C:\Windows\System32\GDI32.dll
0x00007ff951a70000 - 0x00007ff951b7b000 	C:\Windows\System32\gdi32full.dll
0x00007ff951b80000 - 0x00007ff951c1d000 	C:\Windows\System32\msvcp_win.dll
0x00007ff9530b0000 - 0x00007ff9530e0000 	C:\Windows\System32\IMM32.DLL
0x00007ff94a4a0000 - 0x00007ff94a53b000 	C:\Users\amirk\.jdks\temurin-11.0.15\bin\msvcp140.dll
0x00007ff91b6a0000 - 0x00007ff91c221000 	C:\Users\amirk\.jdks\temurin-11.0.15\bin\server\jvm.dll
0x00007ff952e60000 - 0x00007ff952f0e000 	C:\Windows\System32\ADVAPI32.dll
0x00007ff952990000 - 0x00007ff952a2c000 	C:\Windows\System32\sechost.dll
0x00007ff952280000 - 0x00007ff9523a5000 	C:\Windows\System32\RPCRT4.dll
0x00007ff952500000 - 0x00007ff952508000 	C:\Windows\System32\PSAPI.DLL
0x00007ff94cd30000 - 0x00007ff94cd39000 	C:\Windows\SYSTEM32\WSOCK32.dll
0x00007ff952d90000 - 0x00007ff952dfb000 	C:\Windows\System32\WS2_32.dll
0x00007ff94ee40000 - 0x00007ff94ee67000 	C:\Windows\SYSTEM32\WINMM.dll
0x00007ff948c40000 - 0x00007ff948c4a000 	C:\Windows\SYSTEM32\VERSION.dll
0x00007ff9501d0000 - 0x00007ff9501e2000 	C:\Windows\SYSTEM32\kernel.appcore.dll
0x00007ff94df40000 - 0x00007ff94df50000 	C:\Users\amirk\.jdks\temurin-11.0.15\bin\verify.dll
0x00007ff94f530000 - 0x00007ff94f714000 	C:\Windows\SYSTEM32\DBGHELP.DLL
0x00007ff94ebe0000 - 0x00007ff94ec0c000 	C:\Windows\SYSTEM32\dbgcore.DLL
0x00007ff9519b0000 - 0x00007ff951a32000 	C:\Windows\System32\bcryptPrimitives.dll
0x00007ff94b080000 - 0x00007ff94b0a8000 	C:\Users\amirk\.jdks\temurin-11.0.15\bin\java.dll
0x00007ff94dee0000 - 0x00007ff94deea000 	C:\Users\amirk\.jdks\temurin-11.0.15\bin\jimage.dll
0x00007ff94de70000 - 0x00007ff94de7e000 	C:\Users\amirk\.jdks\temurin-11.0.15\bin\instrument.dll
0x00007ff94b060000 - 0x00007ff94b078000 	C:\Users\amirk\.jdks\temurin-11.0.15\bin\zip.dll
0x00007ff953110000 - 0x00007ff953854000 	C:\Windows\System32\SHELL32.dll
0x00007ff94fa20000 - 0x00007ff9501b4000 	C:\Windows\SYSTEM32\windows.storage.dll
0x00007ff9538c0000 - 0x00007ff953c14000 	C:\Windows\System32\combase.dll
0x00007ff9513a0000 - 0x00007ff9513cc000 	C:\Windows\SYSTEM32\Wldp.dll
0x00007ff953cf0000 - 0x00007ff953d9d000 	C:\Windows\System32\SHCORE.dll
0x00007ff953860000 - 0x00007ff9538b5000 	C:\Windows\System32\shlwapi.dll
0x00007ff951880000 - 0x00007ff95189f000 	C:\Windows\SYSTEM32\profapi.dll
0x00007ff94b030000 - 0x00007ff94b049000 	C:\Users\amirk\.jdks\temurin-11.0.15\bin\net.dll
0x00007ff94b890000 - 0x00007ff94b99a000 	C:\Windows\SYSTEM32\WINHTTP.dll
0x00007ff951100000 - 0x00007ff95116a000 	C:\Windows\system32\mswsock.dll
0x00007ff94b010000 - 0x00007ff94b023000 	C:\Users\amirk\.jdks\temurin-11.0.15\bin\nio.dll
0x00007ff94b000000 - 0x00007ff94b009000 	C:\Users\amirk\.jdks\temurin-11.0.15\bin\management.dll
0x00007ff94aff0000 - 0x00007ff94affb000 	C:\Users\amirk\.jdks\temurin-11.0.15\bin\management_ext.dll
0x00007ff8fdf60000 - 0x00007ff8fdf77000 	C:\Windows\system32\napinsp.dll
0x00007ff8ebc50000 - 0x00007ff8ebc6b000 	C:\Windows\system32\pnrpnsp.dll
0x00007ff94c620000 - 0x00007ff94c635000 	C:\Windows\system32\wshbth.dll
0x00007ff94cbb0000 - 0x00007ff94cbcd000 	C:\Windows\system32\NLAapi.dll
0x00007ff950da0000 - 0x00007ff950ddb000 	C:\Windows\SYSTEM32\IPHLPAPI.DLL
0x00007ff950de0000 - 0x00007ff950eab000 	C:\Windows\SYSTEM32\DNSAPI.dll
0x00007ff953ce0000 - 0x00007ff953ce8000 	C:\Windows\System32\NSI.dll
0x00007ff8ebc30000 - 0x00007ff8ebc42000 	C:\Windows\System32\winrnr.dll
0x00007ff9441e0000 - 0x00007ff9441ea000 	C:\Windows\System32\rasadhlp.dll
0x00007ff946430000 - 0x00007ff9464b0000 	C:\Windows\System32\fwpuclnt.dll
0x00007ff952150000 - 0x00007ff952177000 	C:\Windows\System32\bcrypt.dll
0x00007ff94a440000 - 0x00007ff94a45a000 	C:\Program Files\JetBrains\IntelliJ IDEA Community Edition 2021.3.1\bin\breakgen64.dll
0x00007ff9512f0000 - 0x00007ff951308000 	C:\Windows\SYSTEM32\CRYPTSP.dll
0x00007ff950a10000 - 0x00007ff950a44000 	C:\Windows\system32\rsaenh.dll
0x00007ff951840000 - 0x00007ff95186e000 	C:\Windows\SYSTEM32\USERENV.dll
0x00007ff951310000 - 0x00007ff95131c000 	C:\Windows\SYSTEM32\CRYPTBASE.dll
0x00007ff948cb0000 - 0x00007ff948cc7000 	C:\Windows\SYSTEM32\dhcpcsvc6.DLL
0x00007ff948c90000 - 0x00007ff948cad000 	C:\Windows\SYSTEM32\dhcpcsvc.DLL

dbghelp: loaded successfully - version: 4.0.5 - missing functions: none
symbol engine: initialized successfully - sym options: 0x614 - pdb path: .;C:\Users\amirk\.jdks\temurin-11.0.15\bin;C:\Windows\SYSTEM32;C:\Windows\WinSxS\amd64_microsoft.windows.common-controls_6595b64144ccf1df_6.0.19041.1110_none_60b5254171f9507e;C:\Users\amirk\.jdks\temurin-11.0.15\bin\server;C:\Program Files\JetBrains\IntelliJ IDEA Community Edition 2021.3.1\bin

VM Arguments:
jvm_args: -ea -javaagent:C:\Users\amirk\IdeaProjects\DBXP-Comviva\target/agent/zebrunner-agent.jar -Didea.test.cyclic.buffer.size=1048576 -javaagent:C:\Program Files\JetBrains\IntelliJ IDEA Community Edition 2021.3.1\lib\idea_rt.jar=62718:C:\Program Files\JetBrains\IntelliJ IDEA Community Edition 2021.3.1\bin -Dfile.encoding=UTF-8 
java_command: com.intellij.rt.testng.RemoteTestNGStarter -usedefaultlisteners false -socket62717 @w@C:\Users\amirk\AppData\Local\Temp\idea_working_dirs_testng.tmp -temp C:\Users\amirk\AppData\Local\Temp\idea_testng.tmp
java_class_path (initial): C:\Program Files\JetBrains\IntelliJ IDEA Community Edition 2021.3.1\lib\idea_rt.jar;C:\Program Files\JetBrains\IntelliJ IDEA Community Edition 2021.3.1\plugins\testng\lib\testng-rt.jar;C:\Users\amirk\IdeaProjects\DBXP-Comviva\target\test-classes;C:\Users\amirk\IdeaProjects\DBXP-Comviva\target\classes;C:\Users\amirk\.m2\repository\com\qaprosoft\carina-dataprovider\7.3.20\carina-dataprovider-7.3.20.jar;C:\Users\amirk\.m2\repository\com\qaprosoft\carina-core\7.3.20\carina-core-7.3.20.jar;C:\Users\amirk\.m2\repository\org\testng\testng\7.6.0\testng-7.6.0.jar;C:\Users\amirk\.m2\repository\com\zebrunner\agent-testng\1.6.6\agent-testng-1.6.6.jar;C:\Users\amirk\.m2\repository\org\slf4j\slf4j-api\1.7.30\slf4j-api-1.7.30.jar;C:\Users\amirk\.m2\repository\org\apache\logging\log4j\log4j-api\2.17.1\log4j-api-2.17.1.jar;C:\Users\amirk\.m2\repository\org\apache\logging\log4j\log4j-core\2.17.1\log4j-core-2.17.1.jar;C:\Users\amirk\.m2\repository\net\bytebuddy\byte-buddy\1.10.18\byte-buddy-1.10.18.jar;C:\Users\amirk\.m2\repository\org\mybatis\mybatis\3.5.6\mybatis-3.5.6.jar;C:\Users\amirk\.m2\repository\org\postgresql\postgresql\42.3.3\postgresql-42.3.3.jar;C:\Users\amirk\.m2\repository\com\qaprosoft\carina-commons\7.3.20\carina-commons-7.3.20.jar;C:\Users\amirk\.m2\repository\com\qaprosoft\carina-utils\7.3.20\carina-utils-7.3.20.jar;C:\Users\amirk\.m2\repository\net\sf\opencsv\opencsv\1.7\opencsv-1.7.jar;C:\Users\amirk\.m2\repository\org\apache\poi\poi-ooxml\4.1.2\poi-ooxml-4.1.2.jar;C:\Users\amirk\.m2\repository\org\apache\commons\commons-lang3\3.5\commons-lang3-3.5.jar;C:\Users\amirk\.m2\repository\com\qaprosoft\carina-api\7.3.20\carina-api-7.3.20.jar;C:\Users\amirk\.m2\repository\com\qaprosoft\carina-reporting\7.3.20\carina-reporting-7.3.20.jar;C:\Users\amirk\.m2\repository\com\qaprosoft\carina-webdriver\7.3.20\carina-webdriver-7.3.20.jar;C:\Users\amirk\.m2\repository\com\qaprosoft\carina-appcenter\7.3.20\carina-appcenter-7.3.20.jar;C:\Users\amirk\.m2
Launcher Type: SUN_STANDARD

[Global flags]
     intx CICompilerCount                          = 4                                         {product} {ergonomic}
     uint ConcGCThreads                            = 2                                         {product} {ergonomic}
     uint G1ConcRefinementThreads                  = 8                                         {product} {ergonomic}
   size_t G1HeapRegionSize                         = 1048576                                   {product} {ergonomic}
    uintx GCDrainStackTargetSize                   = 64                                        {product} {ergonomic}
   size_t InitialHeapSize                          = 264241152                                 {product} {ergonomic}
   size_t MarkStackSize                            = 4194304                                   {product} {ergonomic}
   size_t MaxHeapSize                              = 4227858432                                {product} {ergonomic}
   size_t MaxNewSize                               = 2536505344                                {product} {ergonomic}
   size_t MinHeapDeltaBytes                        = 1048576                                   {product} {ergonomic}
    uintx NonNMethodCodeHeapSize                   = 5836300                                {pd product} {ergonomic}
    uintx NonProfiledCodeHeapSize                  = 122910970                              {pd product} {ergonomic}
    uintx ProfiledCodeHeapSize                     = 122910970                              {pd product} {ergonomic}
    uintx ReservedCodeCacheSize                    = 251658240                              {pd product} {ergonomic}
     bool SegmentedCodeCache                       = true                                      {product} {ergonomic}
     bool UseCompressedClassPointers               = true                                 {lp64_product} {ergonomic}
     bool UseCompressedOops                        = true                                 {lp64_product} {ergonomic}
     bool UseG1GC                                  = true                                      {product} {ergonomic}
     bool UseLargePagesIndividualAllocation        = false                                  {pd product} {ergonomic}

Logging:
Log output configuration:
 #0: stdout all=warning uptime,level,tags
 #1: stderr all=off uptime,level,tags

Environment Variables:
JAVA_HOME=C:\Program Files\Java\jdk1.8.0_221
PATH=C:\Python310\Scripts\;C:\Python310\;C:\Windows\system32;C:\Windows;C:\Windows\System32\Wbem;C:\Windows\System32\WindowsPowerShell\v1.0\;C:\Windows\System32\OpenSSH\;C:\Program Files\dotnet\;C:\Program Files\Git\cmd;C:\Program Files\nodejs\;C:\ProgramData\chocolatey\bin;C:\Users\amirk\apache-maven-3.8.5\bin;C:\Users\amirk\AppData\Local\Android\Sdk\platform-tools;C:\Users\amirk\AppData\Local\Android\Sdk\tools;C:\Users\amirk\AppData\Local\Android\Sdk\platform;C:\Users\amirk\AppData\Local\Android\Sdk\build-tools;%JAVA_HOME\bin;C:\Users\amirk\node;C:\Program Files\Git\cmd;C:\Users\amirk\AppData\Local\Android\Sdk\tools\bin;C:\Users\amirk\AppData\Local\Microsoft\WindowsApps;C:\Users\amirk\AppData\Roaming\npm;C:\Program Files\Java\jdk1.8.0_221\bin;C:\Users\amirk\node;
USERNAME=amirk
OS=Windows_NT
PROCESSOR_IDENTIFIER=Intel64 Family 6 Model 140 Stepping 1, GenuineIntel



---------------  S Y S T E M  ---------------

OS: Windows 10 , 64 bit Build 19041 (10.0.19041.1706)
OS uptime: 0 days 18:17 hours

CPU:total 8 (initial active 8) (4 cores per cpu, 2 threads per core) family 6 model 140 stepping 1 microcode 0xa4, cmov, cx8, fxsr, mmx, sse, sse2, sse3, ssse3, sse4.1, sse4.2, popcnt, avx, avx2, aes, clmul, erms, 3dnowpref, lzcnt, ht, tsc, tscinvbit, bmi1, bmi2, adx, evex, sha, fma

Memory: 4k page, system-wide physical 16126M (636M free)
TotalPageFile size 46573M (AvailPageFile size 5M)
current process WorkingSet (physical memory assigned to process): 172M, peak: 172M
current process commit charge ("private bytes"): 411M, peak: 412M

vm_info: OpenJDK 64-Bit Server VM (11.0.15+10) for windows-amd64 JRE (11.0.15+10), built on Apr 19 2022 22:29:44 by "" with unknown MS VC++:1916

END.
